2025-12-22 19:44:28 INFO  c.e.p.ProyectoCitasMedicasApplication - Starting ProyectoCitasMedicasApplication using Java 22.0.2 with PID 11840 (C:\Users\Eduardo\proyectos\medical_office\medical_office_backend\build\classes\java\main started by RØNALD in C:\Users\Eduardo\proyectos\medical_office\medical_office_backend)
2025-12-22 19:44:28 INFO  c.e.p.ProyectoCitasMedicasApplication - No active profile set, falling back to 1 default profile: "default"
2025-12-22 19:44:28 INFO  o.s.b.d.e.DevToolsPropertyDefaultsPostProcessor - Devtools property defaults active! Set 'spring.devtools.add-properties' to 'false' to disable
2025-12-22 19:44:28 INFO  o.s.b.d.e.DevToolsPropertyDefaultsPostProcessor - For additional web related logging consider setting the 'logging.level.web' property to 'DEBUG'
2025-12-22 19:44:28 INFO  o.s.d.r.c.RepositoryConfigurationDelegate - Multiple Spring Data modules found, entering strict repository configuration mode
2025-12-22 19:44:28 INFO  o.s.d.r.c.RepositoryConfigurationDelegate - Bootstrapping Spring Data JDBC repositories in DEFAULT mode.
2025-12-22 19:44:28 INFO  o.s.d.r.c.RepositoryConfigurationExtensionSupport - Spring Data JDBC - Could not safely identify store assignment for repository candidate interface com.example.proyecto_citas_medicas.repository.AppointmentRepository; If you want this repository to be a JDBC repository, consider annotating your entities with one of these annotations: org.springframework.data.relational.core.mapping.Table.
2025-12-22 19:44:28 INFO  o.s.d.r.c.RepositoryConfigurationExtensionSupport - Spring Data JDBC - Could not safely identify store assignment for repository candidate interface com.example.proyecto_citas_medicas.repository.DoctorPatientRepository; If you want this repository to be a JDBC repository, consider annotating your entities with one of these annotations: org.springframework.data.relational.core.mapping.Table.
2025-12-22 19:44:28 INFO  o.s.d.r.c.RepositoryConfigurationExtensionSupport - Spring Data JDBC - Could not safely identify store assignment for repository candidate interface com.example.proyecto_citas_medicas.repository.DoctorRepository; If you want this repository to be a JDBC repository, consider annotating your entities with one of these annotations: org.springframework.data.relational.core.mapping.Table.
2025-12-22 19:44:28 INFO  o.s.d.r.c.RepositoryConfigurationExtensionSupport - Spring Data JDBC - Could not safely identify store assignment for repository candidate interface com.example.proyecto_citas_medicas.repository.MedicamentosRepository; If you want this repository to be a JDBC repository, consider annotating your entities with one of these annotations: org.springframework.data.relational.core.mapping.Table.
2025-12-22 19:44:28 INFO  o.s.d.r.c.RepositoryConfigurationExtensionSupport - Spring Data JDBC - Could not safely identify store assignment for repository candidate interface com.example.proyecto_citas_medicas.repository.MedicationLaboratoryRepository; If you want this repository to be a JDBC repository, consider annotating your entities with one of these annotations: org.springframework.data.relational.core.mapping.Table.
2025-12-22 19:44:28 INFO  o.s.d.r.c.RepositoryConfigurationExtensionSupport - Spring Data JDBC - Could not safely identify store assignment for repository candidate interface com.example.proyecto_citas_medicas.repository.MedicationRepository; If you want this repository to be a JDBC repository, consider annotating your entities with one of these annotations: org.springframework.data.relational.core.mapping.Table.
2025-12-22 19:44:28 INFO  o.s.d.r.c.RepositoryConfigurationExtensionSupport - Spring Data JDBC - Could not safely identify store assignment for repository candidate interface com.example.proyecto_citas_medicas.repository.PatientRepository; If you want this repository to be a JDBC repository, consider annotating your entities with one of these annotations: org.springframework.data.relational.core.mapping.Table.
2025-12-22 19:44:28 INFO  o.s.d.r.c.RepositoryConfigurationExtensionSupport - Spring Data JDBC - Could not safely identify store assignment for repository candidate interface com.example.proyecto_citas_medicas.repository.PermissionRepository; If you want this repository to be a JDBC repository, consider annotating your entities with one of these annotations: org.springframework.data.relational.core.mapping.Table.
2025-12-22 19:44:28 INFO  o.s.d.r.c.RepositoryConfigurationExtensionSupport - Spring Data JDBC - Could not safely identify store assignment for repository candidate interface com.example.proyecto_citas_medicas.repository.RoleRepository; If you want this repository to be a JDBC repository, consider annotating your entities with one of these annotations: org.springframework.data.relational.core.mapping.Table.
2025-12-22 19:44:28 INFO  o.s.d.r.c.RepositoryConfigurationExtensionSupport - Spring Data JDBC - Could not safely identify store assignment for repository candidate interface com.example.proyecto_citas_medicas.repository.SpecialityRepository; If you want this repository to be a JDBC repository, consider annotating your entities with one of these annotations: org.springframework.data.relational.core.mapping.Table.
2025-12-22 19:44:28 INFO  o.s.d.r.c.RepositoryConfigurationExtensionSupport - Spring Data JDBC - Could not safely identify store assignment for repository candidate interface com.example.proyecto_citas_medicas.repository.UploadDetailRepository; If you want this repository to be a JDBC repository, consider annotating your entities with one of these annotations: org.springframework.data.relational.core.mapping.Table.
2025-12-22 19:44:28 INFO  o.s.d.r.c.RepositoryConfigurationExtensionSupport - Spring Data JDBC - Could not safely identify store assignment for repository candidate interface com.example.proyecto_citas_medicas.repository.UploadsRepository; If you want this repository to be a JDBC repository, consider annotating your entities with one of these annotations: org.springframework.data.relational.core.mapping.Table.
2025-12-22 19:44:28 INFO  o.s.d.r.c.RepositoryConfigurationExtensionSupport - Spring Data JDBC - Could not safely identify store assignment for repository candidate interface com.example.proyecto_citas_medicas.repository.UserRepository; If you want this repository to be a JDBC repository, consider annotating your entities with one of these annotations: org.springframework.data.relational.core.mapping.Table.
2025-12-22 19:44:28 INFO  o.s.d.r.c.RepositoryConfigurationExtensionSupport - Spring Data JDBC - Could not safely identify store assignment for repository candidate interface com.example.proyecto_citas_medicas.repository.UserRolesRepository; If you want this repository to be a JDBC repository, consider annotating your entities with one of these annotations: org.springframework.data.relational.core.mapping.Table.
2025-12-22 19:44:28 INFO  o.s.d.r.c.RepositoryConfigurationExtensionSupport - Spring Data JDBC - Could not safely identify store assignment for repository candidate interface com.example.proyecto_citas_medicas.repository.UserTokensRepository; If you want this repository to be a JDBC repository, consider annotating your entities with one of these annotations: org.springframework.data.relational.core.mapping.Table.
2025-12-22 19:44:28 INFO  o.s.d.r.c.RepositoryConfigurationExtensionSupport - Spring Data JDBC - Could not safely identify store assignment for repository candidate interface com.example.proyecto_citas_medicas.repository.VariantesRepository; If you want this repository to be a JDBC repository, consider annotating your entities with one of these annotations: org.springframework.data.relational.core.mapping.Table.
2025-12-22 19:44:28 INFO  o.s.d.r.c.RepositoryConfigurationDelegate - Finished Spring Data repository scanning in 29 ms. Found 0 JDBC repository interfaces.
2025-12-22 19:44:28 INFO  o.s.d.r.c.RepositoryConfigurationDelegate - Multiple Spring Data modules found, entering strict repository configuration mode
2025-12-22 19:44:28 INFO  o.s.d.r.c.RepositoryConfigurationDelegate - Bootstrapping Spring Data JPA repositories in DEFAULT mode.
2025-12-22 19:44:28 INFO  o.s.d.r.c.RepositoryConfigurationDelegate - Finished Spring Data repository scanning in 27 ms. Found 16 JPA repository interfaces.
2025-12-22 19:44:29 WARN  o.s.c.s.PostProcessorRegistrationDelegate$BeanPostProcessorChecker - Bean 'org.springframework.ws.config.annotation.DelegatingWsConfiguration' of type [org.springframework.ws.config.annotation.DelegatingWsConfiguration$$SpringCGLIB$$0] is not eligible for getting processed by all BeanPostProcessors (for example: not eligible for auto-proxying). The currently created BeanPostProcessor [annotationActionEndpointMapping] is declared through a non-static factory method on that class; consider declaring it as static instead.
2025-12-22 19:44:29 INFO  o.s.w.s.a.s.AnnotationActionEndpointMapping - Supporting [WS-Addressing August 2004, WS-Addressing 1.0]
2025-12-22 19:44:29 INFO  o.s.b.w.e.tomcat.TomcatWebServer - Tomcat initialized with port 8081 (http)
2025-12-22 19:44:29 INFO  o.a.coyote.http11.Http11NioProtocol - Initializing ProtocolHandler ["http-nio-8081"]
2025-12-22 19:44:29 INFO  o.a.catalina.core.StandardService - Starting service [Tomcat]
2025-12-22 19:44:29 INFO  o.a.catalina.core.StandardEngine - Starting Servlet engine: [Apache Tomcat/10.1.26]
2025-12-22 19:44:29 INFO  o.a.c.c.C.[Tomcat].[localhost].[/] - Initializing Spring embedded WebApplicationContext
2025-12-22 19:44:29 INFO  o.s.b.w.s.c.ServletWebServerApplicationContext - Root WebApplicationContext: initialization completed in 1368 ms
2025-12-22 19:44:29 INFO  o.h.jpa.internal.util.LogHelper - HHH000204: Processing PersistenceUnitInfo [name: default]
2025-12-22 19:44:29 INFO  org.hibernate.Version - HHH000412: Hibernate ORM core version 6.5.2.Final
2025-12-22 19:44:29 INFO  o.h.c.i.RegionFactoryInitiator - HHH000026: Second-level cache disabled
2025-12-22 19:44:30 INFO  o.s.o.j.p.SpringPersistenceUnitInfo - No LoadTimeWeaver setup: ignoring JPA class transformer
2025-12-22 19:44:30 INFO  com.zaxxer.hikari.HikariDataSource - HikariPool-1 - Starting...
2025-12-22 19:44:35 INFO  com.zaxxer.hikari.pool.HikariPool - HikariPool-1 - Added connection org.postgresql.jdbc.PgConnection@6bc443a6
2025-12-22 19:44:35 INFO  com.zaxxer.hikari.HikariDataSource - HikariPool-1 - Start completed.
2025-12-22 19:44:36 WARN  org.hibernate.orm.deprecation - HHH90000025: PostgreSQLDialect does not need to be specified explicitly using 'hibernate.dialect' (remove the property setting and it will be selected by default)
2025-12-22 19:44:38 INFO  o.h.e.t.j.p.i.JtaPlatformInitiator - HHH000489: No JTA platform available (set 'hibernate.transaction.jta.platform' to enable JTA platform integration)
2025-12-22 19:44:45 INFO  o.s.o.j.LocalContainerEntityManagerFactoryBean - Initialized JPA EntityManagerFactory for persistence unit 'default'
2025-12-22 19:44:45 INFO  o.s.d.j.r.query.QueryEnhancerFactory - Hibernate is in classpath; If applicable, HQL parser will be used.
2025-12-22 19:44:45 WARN  o.s.b.a.o.j.JpaBaseConfiguration$JpaWebConfiguration - spring.jpa.open-in-view is enabled by default. Therefore, database queries may be performed during view rendering. Explicitly configure spring.jpa.open-in-view to disable this warning
2025-12-22 19:44:47 DEBUG o.s.w.s.m.m.a.ExceptionHandlerExceptionResolver - ControllerAdvice beans: 1 @ExceptionHandler, 1 ResponseBodyAdvice
2025-12-22 19:44:47 DEBUG o.s.w.s.m.m.a.ExceptionHandlerExceptionResolver - ControllerAdvice beans: 1 @ExceptionHandler, 0 ResponseBodyAdvice
2025-12-22 19:44:47 INFO  o.s.s.c.a.a.c.InitializeAuthenticationProviderBeanManagerConfigurer$InitializeAuthenticationProviderManagerConfigurer - Global AuthenticationManager configured with AuthenticationProvider bean with name authenticationProvider
2025-12-22 19:44:47 WARN  o.s.s.c.a.a.c.InitializeUserDetailsBeanManagerConfigurer$InitializeUserDetailsManagerConfigurer - Global AuthenticationManager configured with an AuthenticationProvider bean. UserDetailsService beans will not be used for username/password login. Consider removing the AuthenticationProvider bean. Alternatively, consider using the UserDetailsService in a manually instantiated DaoAuthenticationProvider.
2025-12-22 19:44:47 DEBUG o.s.w.s.m.m.a.RequestMappingHandlerMapping - 24 mappings in 'requestMappingHandlerMapping'
2025-12-22 19:44:47 DEBUG o.s.w.s.h.SimpleUrlHandlerMapping - Patterns [/webjars/**, /**] in 'resourceHandlerMapping'
2025-12-22 19:44:47 DEBUG o.s.s.web.DefaultSecurityFilterChain - Will secure any request with filters: DisableEncodeUrlFilter, WebAsyncManagerIntegrationFilter, SecurityContextHolderFilter, HeaderWriterFilter, CorsFilter, LogoutFilter, JwtAuthenticationFilter, RequestCacheAwareFilter, SecurityContextHolderAwareRequestFilter, AnonymousAuthenticationFilter, SessionManagementFilter, ExceptionTranslationFilter, AuthorizationFilter
2025-12-22 19:44:48 DEBUG o.s.w.s.m.m.a.RequestMappingHandlerAdapter - ControllerAdvice beans: 0 @ModelAttribute, 0 @InitBinder, 1 RequestBodyAdvice, 1 ResponseBodyAdvice
2025-12-22 19:44:48 INFO  o.s.b.d.a.OptionalLiveReloadServer - LiveReload server is running on port 35729
2025-12-22 19:44:48 INFO  o.a.coyote.http11.Http11NioProtocol - Starting ProtocolHandler ["http-nio-8081"]
2025-12-22 19:44:48 INFO  o.s.b.w.e.tomcat.TomcatWebServer - Tomcat started on port 8081 (http) with context path '/'
2025-12-22 19:44:48 INFO  c.e.p.ProyectoCitasMedicasApplication - Started ProyectoCitasMedicasApplication in 20.448 seconds (process running for 21.014)
2025-12-22 19:44:48 INFO  o.a.c.c.C.[Tomcat].[localhost].[/] - Initializing Spring DispatcherServlet 'dispatcherServlet'
2025-12-22 19:44:48 INFO  o.s.web.servlet.DispatcherServlet - Initializing Servlet 'dispatcherServlet'
2025-12-22 19:44:48 DEBUG o.s.web.servlet.DispatcherServlet - Detected StandardServletMultipartResolver
2025-12-22 19:44:48 DEBUG o.s.web.servlet.DispatcherServlet - Detected AcceptHeaderLocaleResolver
2025-12-22 19:44:48 DEBUG o.s.web.servlet.DispatcherServlet - Detected FixedThemeResolver
2025-12-22 19:44:48 DEBUG o.s.web.servlet.DispatcherServlet - Detected org.springframework.web.servlet.view.DefaultRequestToViewNameTranslator@6f3624e9
2025-12-22 19:44:48 DEBUG o.s.web.servlet.DispatcherServlet - Detected org.springframework.web.servlet.support.SessionFlashMapManager@3574a160
2025-12-22 19:44:48 DEBUG o.s.web.servlet.DispatcherServlet - enableLoggingRequestDetails='false': request parameters and headers will be masked to prevent unsafe logging of potentially sensitive data
2025-12-22 19:44:48 INFO  o.s.web.servlet.DispatcherServlet - Completed initialization in 1 ms
2025-12-22 19:44:48 DEBUG o.s.security.web.FilterChainProxy - Securing OPTIONS /api/user_roles
2025-12-22 19:44:48 DEBUG o.s.security.web.FilterChainProxy - Securing POST /api/user_roles
2025-12-22 19:44:48 DEBUG o.s.s.w.a.AnonymousAuthenticationFilter - Set SecurityContextHolder to anonymous SecurityContext
2025-12-22 19:44:48 DEBUG o.s.security.web.FilterChainProxy - Secured POST /api/user_roles
2025-12-22 19:44:48 DEBUG o.s.web.servlet.DispatcherServlet - POST "/api/user_roles", parameters={}
2025-12-22 19:44:48 DEBUG o.s.w.s.m.m.a.RequestMappingHandlerMapping - Mapped to com.example.proyecto_citas_medicas.controller.UserRolesController#getUserRoles(LoginUserDto)
2025-12-22 19:44:48 DEBUG o.s.w.s.m.m.a.RequestResponseBodyMethodProcessor - Read "application/json;charset=UTF-8" to [com.example.proyecto_citas_medicas.dtos.LoginUserDto@69850681]
2025-12-22 19:44:48 INFO  c.e.p.controller.UserRolesController - eeejejejejejejeje
2025-12-22 19:44:50 DEBUG o.s.w.s.m.m.a.HttpEntityMethodProcessor - Using 'application/json', given [application/json, text/plain, */*] and supported [application/json, application/*+json]
2025-12-22 19:44:50 DEBUG o.s.w.s.m.m.a.HttpEntityMethodProcessor - Writing [com.example.proyecto_citas_medicas.entities.ApiResponse@397a3c25]
2025-12-22 19:44:50 DEBUG o.s.web.servlet.DispatcherServlet - Completed 200 OK
2025-12-22 19:44:52 DEBUG o.s.security.web.FilterChainProxy - Securing OPTIONS /api/auth/login
2025-12-22 19:44:52 DEBUG o.s.security.web.FilterChainProxy - Securing POST /api/auth/login
2025-12-22 19:44:52 DEBUG o.s.s.w.a.AnonymousAuthenticationFilter - Set SecurityContextHolder to anonymous SecurityContext
2025-12-22 19:44:52 DEBUG o.s.security.web.FilterChainProxy - Secured POST /api/auth/login
2025-12-22 19:44:52 DEBUG o.s.web.servlet.DispatcherServlet - POST "/api/auth/login", parameters={}
2025-12-22 19:44:52 DEBUG o.s.w.s.m.m.a.RequestMappingHandlerMapping - Mapped to com.example.proyecto_citas_medicas.controller.AuthenticationController#authenticate(LoginUserDto)
2025-12-22 19:44:52 DEBUG o.s.w.s.m.m.a.RequestResponseBodyMethodProcessor - Read "application/json;charset=UTF-8" to [com.example.proyecto_citas_medicas.dtos.LoginUserDto@52c3a98c]
2025-12-22 19:44:53 DEBUG o.s.s.a.d.DaoAuthenticationProvider - Authenticated user
2025-12-22 19:44:55 DEBUG o.s.w.s.m.m.a.HttpEntityMethodProcessor - Using 'application/json', given [application/json, text/plain, */*] and supported [application/json, application/*+json]
2025-12-22 19:44:55 DEBUG o.s.w.s.m.m.a.HttpEntityMethodProcessor - Writing [com.example.proyecto_citas_medicas.entities.ApiResponse@50db4f4e]
2025-12-22 19:44:55 DEBUG o.s.web.servlet.DispatcherServlet - Completed 200 OK
2025-12-22 19:44:56 DEBUG o.s.security.web.FilterChainProxy - Securing OPTIONS /api/dashboard/info
2025-12-22 19:44:56 DEBUG o.s.security.web.FilterChainProxy - Securing GET /api/dashboard/info
2025-12-22 19:44:56 DEBUG o.s.security.web.FilterChainProxy - Secured GET /api/dashboard/info
2025-12-22 19:44:56 DEBUG o.s.web.servlet.DispatcherServlet - GET "/api/dashboard/info", parameters={}
2025-12-22 19:44:56 DEBUG o.s.w.s.m.m.a.RequestMappingHandlerMapping - Mapped to com.example.proyecto_citas_medicas.controller.DashboardController#getDashboardInfo()
2025-12-22 19:44:59 DEBUG o.s.w.s.m.m.a.HttpEntityMethodProcessor - Using 'application/json', given [application/json, text/plain, */*] and supported [application/json, application/*+json]
2025-12-22 19:44:59 DEBUG o.s.w.s.m.m.a.HttpEntityMethodProcessor - Writing [com.example.proyecto_citas_medicas.entities.ApiResponse@7b0afeb]
2025-12-22 19:44:59 DEBUG o.s.web.servlet.DispatcherServlet - Completed 200 OK
2025-12-22 19:53:15 DEBUG o.s.security.web.FilterChainProxy - Securing OPTIONS /api/dashboard/info
2025-12-22 19:53:15 DEBUG o.s.security.web.FilterChainProxy - Securing GET /api/dashboard/info
2025-12-22 19:53:16 DEBUG o.s.security.web.FilterChainProxy - Secured GET /api/dashboard/info
2025-12-22 19:53:16 DEBUG o.s.web.servlet.DispatcherServlet - GET "/api/dashboard/info", parameters={}
2025-12-22 19:53:16 DEBUG o.s.w.s.m.m.a.RequestMappingHandlerMapping - Mapped to com.example.proyecto_citas_medicas.controller.DashboardController#getDashboardInfo()
2025-12-22 19:53:18 DEBUG o.s.w.s.m.m.a.HttpEntityMethodProcessor - Using 'application/json', given [application/json, text/plain, */*] and supported [application/json, application/*+json]
2025-12-22 19:53:18 DEBUG o.s.w.s.m.m.a.HttpEntityMethodProcessor - Writing [com.example.proyecto_citas_medicas.entities.ApiResponse@68875204]
2025-12-22 19:53:18 DEBUG o.s.web.servlet.DispatcherServlet - Completed 200 OK
2025-12-22 19:53:22 DEBUG o.s.security.web.FilterChainProxy - Securing OPTIONS /api/user_roles
2025-12-22 19:53:22 DEBUG o.s.security.web.FilterChainProxy - Securing POST /api/user_roles
2025-12-22 19:53:22 DEBUG o.s.s.w.a.AnonymousAuthenticationFilter - Set SecurityContextHolder to anonymous SecurityContext
2025-12-22 19:53:22 DEBUG o.s.security.web.FilterChainProxy - Secured POST /api/user_roles
2025-12-22 19:53:22 DEBUG o.s.web.servlet.DispatcherServlet - POST "/api/user_roles", parameters={}
2025-12-22 19:53:22 DEBUG o.s.w.s.m.m.a.RequestMappingHandlerMapping - Mapped to com.example.proyecto_citas_medicas.controller.UserRolesController#getUserRoles(LoginUserDto)
2025-12-22 19:53:22 DEBUG o.s.w.s.m.m.a.RequestResponseBodyMethodProcessor - Read "application/json;charset=UTF-8" to [com.example.proyecto_citas_medicas.dtos.LoginUserDto@6cd59f30]
2025-12-22 19:53:22 INFO  c.e.p.controller.UserRolesController - eeejejejejejejeje
2025-12-22 19:53:23 DEBUG o.s.w.s.m.m.a.HttpEntityMethodProcessor - Using 'application/json', given [application/json, text/plain, */*] and supported [application/json, application/*+json]
2025-12-22 19:53:23 DEBUG o.s.w.s.m.m.a.HttpEntityMethodProcessor - Writing [com.example.proyecto_citas_medicas.entities.ApiResponse@52357ace]
2025-12-22 19:53:23 DEBUG o.s.web.servlet.DispatcherServlet - Completed 200 OK
2025-12-22 19:53:48 DEBUG o.s.security.web.FilterChainProxy - Securing OPTIONS /api/auth/login
2025-12-22 19:53:48 DEBUG o.s.security.web.FilterChainProxy - Securing POST /api/auth/login
2025-12-22 19:53:48 DEBUG o.s.s.w.a.AnonymousAuthenticationFilter - Set SecurityContextHolder to anonymous SecurityContext
2025-12-22 19:53:48 DEBUG o.s.security.web.FilterChainProxy - Secured POST /api/auth/login
2025-12-22 19:53:48 DEBUG o.s.web.servlet.DispatcherServlet - POST "/api/auth/login", parameters={}
2025-12-22 19:53:48 DEBUG o.s.w.s.m.m.a.RequestMappingHandlerMapping - Mapped to com.example.proyecto_citas_medicas.controller.AuthenticationController#authenticate(LoginUserDto)
2025-12-22 19:53:48 DEBUG o.s.w.s.m.m.a.RequestResponseBodyMethodProcessor - Read "application/json;charset=UTF-8" to [com.example.proyecto_citas_medicas.dtos.LoginUserDto@6e82e5b5]
2025-12-22 19:53:50 DEBUG o.s.s.a.d.DaoAuthenticationProvider - Authenticated user
2025-12-22 19:53:51 DEBUG o.s.w.s.m.m.a.HttpEntityMethodProcessor - Using 'application/json', given [application/json, text/plain, */*] and supported [application/json, application/*+json]
2025-12-22 19:53:51 DEBUG o.s.w.s.m.m.a.HttpEntityMethodProcessor - Writing [com.example.proyecto_citas_medicas.entities.ApiResponse@27be5acb]
2025-12-22 19:53:51 DEBUG o.s.web.servlet.DispatcherServlet - Completed 200 OK
2025-12-22 19:53:51 DEBUG o.s.security.web.FilterChainProxy - Securing OPTIONS /api/dashboard/info
2025-12-22 19:53:51 DEBUG o.s.security.web.FilterChainProxy - Securing GET /api/dashboard/info
2025-12-22 19:53:51 DEBUG o.s.security.web.FilterChainProxy - Secured GET /api/dashboard/info
2025-12-22 19:53:51 DEBUG o.s.web.servlet.DispatcherServlet - GET "/api/dashboard/info", parameters={}
2025-12-22 19:53:51 DEBUG o.s.w.s.m.m.a.RequestMappingHandlerMapping - Mapped to com.example.proyecto_citas_medicas.controller.DashboardController#getDashboardInfo()
2025-12-22 19:53:54 DEBUG o.s.w.s.m.m.a.HttpEntityMethodProcessor - Using 'application/json', given [application/json, text/plain, */*] and supported [application/json, application/*+json]
2025-12-22 19:53:54 DEBUG o.s.w.s.m.m.a.HttpEntityMethodProcessor - Writing [com.example.proyecto_citas_medicas.entities.ApiResponse@172b45f8]
2025-12-22 19:53:54 DEBUG o.s.web.servlet.DispatcherServlet - Completed 200 OK
2025-12-22 19:55:35 DEBUG o.s.security.web.FilterChainProxy - Securing OPTIONS /api/dashboard/info
2025-12-22 19:55:35 DEBUG o.s.security.web.FilterChainProxy - Securing GET /api/dashboard/info
2025-12-22 19:55:36 DEBUG o.s.security.web.FilterChainProxy - Secured GET /api/dashboard/info
2025-12-22 19:55:36 DEBUG o.s.web.servlet.DispatcherServlet - GET "/api/dashboard/info", parameters={}
2025-12-22 19:55:36 DEBUG o.s.w.s.m.m.a.RequestMappingHandlerMapping - Mapped to com.example.proyecto_citas_medicas.controller.DashboardController#getDashboardInfo()
2025-12-22 19:55:38 DEBUG o.s.w.s.m.m.a.HttpEntityMethodProcessor - Using 'application/json', given [application/json, text/plain, */*] and supported [application/json, application/*+json]
2025-12-22 19:55:38 DEBUG o.s.w.s.m.m.a.HttpEntityMethodProcessor - Writing [com.example.proyecto_citas_medicas.entities.ApiResponse@73761b0e]
2025-12-22 19:55:38 DEBUG o.s.web.servlet.DispatcherServlet - Completed 200 OK
2025-12-22 19:55:51 DEBUG o.s.security.web.FilterChainProxy - Securing OPTIONS /api/dashboard/info
2025-12-22 19:55:51 DEBUG o.s.security.web.FilterChainProxy - Securing GET /api/dashboard/info
2025-12-22 19:55:52 DEBUG o.s.security.web.FilterChainProxy - Secured GET /api/dashboard/info
2025-12-22 19:55:52 DEBUG o.s.web.servlet.DispatcherServlet - GET "/api/dashboard/info", parameters={}
2025-12-22 19:55:52 DEBUG o.s.w.s.m.m.a.RequestMappingHandlerMapping - Mapped to com.example.proyecto_citas_medicas.controller.DashboardController#getDashboardInfo()
2025-12-22 19:55:55 DEBUG o.s.w.s.m.m.a.HttpEntityMethodProcessor - Using 'application/json', given [application/json, text/plain, */*] and supported [application/json, application/*+json]
2025-12-22 19:55:55 DEBUG o.s.w.s.m.m.a.HttpEntityMethodProcessor - Writing [com.example.proyecto_citas_medicas.entities.ApiResponse@12cbf63d]
2025-12-22 19:55:55 DEBUG o.s.web.servlet.DispatcherServlet - Completed 200 OK
2025-12-22 19:56:05 DEBUG o.s.security.web.FilterChainProxy - Securing OPTIONS /api/provider/uploads
2025-12-22 19:56:05 DEBUG o.s.security.web.FilterChainProxy - Securing GET /api/provider/uploads
2025-12-22 19:56:06 DEBUG o.s.security.web.FilterChainProxy - Secured GET /api/provider/uploads
2025-12-22 19:56:06 DEBUG o.s.web.servlet.DispatcherServlet - GET "/api/provider/uploads", parameters={}
2025-12-22 19:56:06 DEBUG o.s.w.s.m.m.a.RequestMappingHandlerMapping - Mapped to com.example.proyecto_citas_medicas.controller.ProviderController#getUploads()
2025-12-22 19:56:06 DEBUG o.s.w.s.m.m.a.HttpEntityMethodProcessor - Using 'application/json', given [application/json, text/plain, */*] and supported [application/json, application/*+json]
2025-12-22 19:56:06 DEBUG o.s.w.s.m.m.a.HttpEntityMethodProcessor - Writing [com.example.proyecto_citas_medicas.entities.ApiResponse@200bf42f]
2025-12-22 19:56:06 DEBUG o.s.web.servlet.DispatcherServlet - Completed 200 OK
2025-12-22 19:56:14 DEBUG o.s.security.web.FilterChainProxy - Securing OPTIONS /api/dashboard/info
2025-12-22 19:56:14 DEBUG o.s.security.web.FilterChainProxy - Securing GET /api/dashboard/info
2025-12-22 19:56:15 DEBUG o.s.security.web.FilterChainProxy - Secured GET /api/dashboard/info
2025-12-22 19:56:15 DEBUG o.s.web.servlet.DispatcherServlet - GET "/api/dashboard/info", parameters={}
2025-12-22 19:56:15 DEBUG o.s.w.s.m.m.a.RequestMappingHandlerMapping - Mapped to com.example.proyecto_citas_medicas.controller.DashboardController#getDashboardInfo()
2025-12-22 19:56:17 DEBUG o.s.w.s.m.m.a.HttpEntityMethodProcessor - Using 'application/json', given [application/json, text/plain, */*] and supported [application/json, application/*+json]
2025-12-22 19:56:17 DEBUG o.s.w.s.m.m.a.HttpEntityMethodProcessor - Writing [com.example.proyecto_citas_medicas.entities.ApiResponse@e4fb88]
2025-12-22 19:56:17 DEBUG o.s.web.servlet.DispatcherServlet - Completed 200 OK
2025-12-22 19:58:28 DEBUG o.s.security.web.FilterChainProxy - Securing OPTIONS /api/user_roles
2025-12-22 19:58:28 DEBUG o.s.security.web.FilterChainProxy - Securing POST /api/user_roles
2025-12-22 19:58:28 DEBUG o.s.s.w.a.AnonymousAuthenticationFilter - Set SecurityContextHolder to anonymous SecurityContext
2025-12-22 19:58:28 DEBUG o.s.security.web.FilterChainProxy - Secured POST /api/user_roles
2025-12-22 19:58:28 DEBUG o.s.web.servlet.DispatcherServlet - POST "/api/user_roles", parameters={}
2025-12-22 19:58:28 DEBUG o.s.w.s.m.m.a.RequestMappingHandlerMapping - Mapped to com.example.proyecto_citas_medicas.controller.UserRolesController#getUserRoles(LoginUserDto)
2025-12-22 19:58:28 DEBUG o.s.w.s.m.m.a.RequestResponseBodyMethodProcessor - Read "application/json;charset=UTF-8" to [com.example.proyecto_citas_medicas.dtos.LoginUserDto@4cc92bbc]
2025-12-22 19:58:28 INFO  c.e.p.controller.UserRolesController - eeejejejejejejeje
2025-12-22 19:58:30 DEBUG o.s.w.s.m.m.a.HttpEntityMethodProcessor - Using 'application/json', given [application/json, text/plain, */*] and supported [application/json, application/*+json]
2025-12-22 19:58:30 DEBUG o.s.w.s.m.m.a.HttpEntityMethodProcessor - Writing [com.example.proyecto_citas_medicas.entities.ApiResponse@2f176aff]
2025-12-22 19:58:30 DEBUG o.s.web.servlet.DispatcherServlet - Completed 200 OK
2025-12-22 19:58:54 DEBUG o.s.security.web.FilterChainProxy - Securing OPTIONS /api/auth/login
2025-12-22 19:58:54 DEBUG o.s.security.web.FilterChainProxy - Securing POST /api/auth/login
2025-12-22 19:58:54 DEBUG o.s.s.w.a.AnonymousAuthenticationFilter - Set SecurityContextHolder to anonymous SecurityContext
2025-12-22 19:58:54 DEBUG o.s.security.web.FilterChainProxy - Secured POST /api/auth/login
2025-12-22 19:58:54 DEBUG o.s.web.servlet.DispatcherServlet - POST "/api/auth/login", parameters={}
2025-12-22 19:58:54 DEBUG o.s.w.s.m.m.a.RequestMappingHandlerMapping - Mapped to com.example.proyecto_citas_medicas.controller.AuthenticationController#authenticate(LoginUserDto)
2025-12-22 19:58:54 DEBUG o.s.w.s.m.m.a.RequestResponseBodyMethodProcessor - Read "application/json;charset=UTF-8" to [com.example.proyecto_citas_medicas.dtos.LoginUserDto@1f2b82f0]
2025-12-22 19:58:54 DEBUG o.s.s.a.d.DaoAuthenticationProvider - Authenticated user
2025-12-22 19:58:55 DEBUG o.s.w.s.m.m.a.HttpEntityMethodProcessor - Using 'application/json', given [application/json, text/plain, */*] and supported [application/json, application/*+json]
2025-12-22 19:58:55 DEBUG o.s.w.s.m.m.a.HttpEntityMethodProcessor - Writing [com.example.proyecto_citas_medicas.entities.ApiResponse@5ab60be6]
2025-12-22 19:58:55 DEBUG o.s.web.servlet.DispatcherServlet - Completed 200 OK
2025-12-22 19:58:55 DEBUG o.s.security.web.FilterChainProxy - Securing OPTIONS /api/dashboard/info
2025-12-22 19:58:55 DEBUG o.s.security.web.FilterChainProxy - Securing GET /api/dashboard/info
2025-12-22 19:58:56 DEBUG o.s.security.web.FilterChainProxy - Secured GET /api/dashboard/info
2025-12-22 19:58:56 DEBUG o.s.web.servlet.DispatcherServlet - GET "/api/dashboard/info", parameters={}
2025-12-22 19:58:56 DEBUG o.s.w.s.m.m.a.RequestMappingHandlerMapping - Mapped to com.example.proyecto_citas_medicas.controller.DashboardController#getDashboardInfo()
2025-12-22 19:58:58 DEBUG o.s.w.s.m.m.a.HttpEntityMethodProcessor - Using 'application/json', given [application/json, text/plain, */*] and supported [application/json, application/*+json]
2025-12-22 19:58:58 DEBUG o.s.w.s.m.m.a.HttpEntityMethodProcessor - Writing [com.example.proyecto_citas_medicas.entities.ApiResponse@1051126f]
2025-12-22 19:58:58 DEBUG o.s.web.servlet.DispatcherServlet - Completed 200 OK
2025-12-22 20:00:19 DEBUG o.s.security.web.FilterChainProxy - Securing OPTIONS /api/dashboard/info
2025-12-22 20:00:19 DEBUG o.s.security.web.FilterChainProxy - Securing GET /api/dashboard/info
2025-12-22 20:00:19 DEBUG o.s.security.web.FilterChainProxy - Secured GET /api/dashboard/info
2025-12-22 20:00:19 DEBUG o.s.web.servlet.DispatcherServlet - GET "/api/dashboard/info", parameters={}
2025-12-22 20:00:19 DEBUG o.s.w.s.m.m.a.RequestMappingHandlerMapping - Mapped to com.example.proyecto_citas_medicas.controller.DashboardController#getDashboardInfo()
2025-12-22 20:00:21 DEBUG o.s.w.s.m.m.a.HttpEntityMethodProcessor - Using 'application/json', given [application/json, text/plain, */*] and supported [application/json, application/*+json]
2025-12-22 20:00:21 DEBUG o.s.w.s.m.m.a.HttpEntityMethodProcessor - Writing [com.example.proyecto_citas_medicas.entities.ApiResponse@7ba167d0]
2025-12-22 20:00:21 DEBUG o.s.web.servlet.DispatcherServlet - Completed 200 OK
2025-12-22 20:00:46 DEBUG o.s.security.web.FilterChainProxy - Securing OPTIONS /api/dashboard/info
2025-12-22 20:00:46 DEBUG o.s.security.web.FilterChainProxy - Securing GET /api/dashboard/info
2025-12-22 20:00:47 DEBUG o.s.security.web.FilterChainProxy - Secured GET /api/dashboard/info
2025-12-22 20:00:47 DEBUG o.s.web.servlet.DispatcherServlet - GET "/api/dashboard/info", parameters={}
2025-12-22 20:00:47 DEBUG o.s.w.s.m.m.a.RequestMappingHandlerMapping - Mapped to com.example.proyecto_citas_medicas.controller.DashboardController#getDashboardInfo()
2025-12-22 20:00:49 DEBUG o.s.w.s.m.m.a.HttpEntityMethodProcessor - Using 'application/json', given [application/json, text/plain, */*] and supported [application/json, application/*+json]
2025-12-22 20:00:49 DEBUG o.s.w.s.m.m.a.HttpEntityMethodProcessor - Writing [com.example.proyecto_citas_medicas.entities.ApiResponse@2e1b8780]
2025-12-22 20:00:49 DEBUG o.s.web.servlet.DispatcherServlet - Completed 200 OK
2025-12-22 20:01:05 DEBUG o.s.security.web.FilterChainProxy - Securing OPTIONS /api/dashboard/info
2025-12-22 20:01:05 DEBUG o.s.security.web.FilterChainProxy - Securing GET /api/dashboard/info
2025-12-22 20:01:06 DEBUG o.s.security.web.FilterChainProxy - Secured GET /api/dashboard/info
2025-12-22 20:01:06 DEBUG o.s.web.servlet.DispatcherServlet - GET "/api/dashboard/info", parameters={}
2025-12-22 20:01:06 DEBUG o.s.w.s.m.m.a.RequestMappingHandlerMapping - Mapped to com.example.proyecto_citas_medicas.controller.DashboardController#getDashboardInfo()
2025-12-22 20:01:09 DEBUG o.s.w.s.m.m.a.HttpEntityMethodProcessor - Using 'application/json', given [application/json, text/plain, */*] and supported [application/json, application/*+json]
2025-12-22 20:01:09 DEBUG o.s.w.s.m.m.a.HttpEntityMethodProcessor - Writing [com.example.proyecto_citas_medicas.entities.ApiResponse@2501b082]
2025-12-22 20:01:09 DEBUG o.s.web.servlet.DispatcherServlet - Completed 200 OK
2025-12-22 20:01:13 DEBUG o.s.security.web.FilterChainProxy - Securing OPTIONS /api/provider/uploads
2025-12-22 20:01:13 DEBUG o.s.security.web.FilterChainProxy - Securing GET /api/provider/uploads
2025-12-22 20:01:14 DEBUG o.s.security.web.FilterChainProxy - Secured GET /api/provider/uploads
2025-12-22 20:01:14 DEBUG o.s.web.servlet.DispatcherServlet - GET "/api/provider/uploads", parameters={}
2025-12-22 20:01:14 DEBUG o.s.w.s.m.m.a.RequestMappingHandlerMapping - Mapped to com.example.proyecto_citas_medicas.controller.ProviderController#getUploads()
2025-12-22 20:01:14 DEBUG o.s.w.s.m.m.a.HttpEntityMethodProcessor - Using 'application/json', given [application/json, text/plain, */*] and supported [application/json, application/*+json]
2025-12-22 20:01:14 DEBUG o.s.w.s.m.m.a.HttpEntityMethodProcessor - Writing [com.example.proyecto_citas_medicas.entities.ApiResponse@6e52cbe7]
2025-12-22 20:01:14 DEBUG o.s.web.servlet.DispatcherServlet - Completed 200 OK
2025-12-22 20:01:30 DEBUG o.s.security.web.FilterChainProxy - Securing OPTIONS /api/dashboard/info
2025-12-22 20:01:30 DEBUG o.s.security.web.FilterChainProxy - Securing GET /api/dashboard/info
2025-12-22 20:01:31 DEBUG o.s.security.web.FilterChainProxy - Secured GET /api/dashboard/info
2025-12-22 20:01:31 DEBUG o.s.web.servlet.DispatcherServlet - GET "/api/dashboard/info", parameters={}
2025-12-22 20:01:31 DEBUG o.s.w.s.m.m.a.RequestMappingHandlerMapping - Mapped to com.example.proyecto_citas_medicas.controller.DashboardController#getDashboardInfo()
2025-12-22 20:01:33 DEBUG o.s.w.s.m.m.a.HttpEntityMethodProcessor - Using 'application/json', given [application/json, text/plain, */*] and supported [application/json, application/*+json]
2025-12-22 20:01:33 DEBUG o.s.w.s.m.m.a.HttpEntityMethodProcessor - Writing [com.example.proyecto_citas_medicas.entities.ApiResponse@35f9ff60]
2025-12-22 20:01:33 DEBUG o.s.web.servlet.DispatcherServlet - Completed 200 OK
2025-12-22 21:48:22 WARN  com.zaxxer.hikari.pool.HikariPool - HikariPool-1 - Thread starvation or clock leap detected (housekeeper delta=1h12m16s1ms567µs600ns).
2025-12-22 21:49:08 DEBUG o.s.security.web.FilterChainProxy - Securing OPTIONS /api/provider/uploads
2025-12-22 21:49:08 DEBUG o.s.security.web.FilterChainProxy - Securing GET /api/provider/uploads
2025-12-22 21:49:09 DEBUG o.s.security.web.FilterChainProxy - Secured GET /api/provider/uploads
2025-12-22 21:49:09 DEBUG o.s.web.servlet.DispatcherServlet - GET "/api/provider/uploads", parameters={}
2025-12-22 21:49:09 DEBUG o.s.w.s.m.m.a.RequestMappingHandlerMapping - Mapped to com.example.proyecto_citas_medicas.controller.ProviderController#getUploads()
2025-12-22 21:49:09 DEBUG o.s.w.s.m.m.a.HttpEntityMethodProcessor - Using 'application/json', given [application/json, text/plain, */*] and supported [application/json, application/*+json]
2025-12-22 21:49:09 DEBUG o.s.w.s.m.m.a.HttpEntityMethodProcessor - Writing [com.example.proyecto_citas_medicas.entities.ApiResponse@387ba48e]
2025-12-22 21:49:09 DEBUG o.s.web.servlet.DispatcherServlet - Completed 200 OK
2025-12-22 21:49:17 DEBUG o.s.security.web.FilterChainProxy - Securing OPTIONS /api/dashboard/info
2025-12-22 21:49:17 DEBUG o.s.security.web.FilterChainProxy - Securing GET /api/dashboard/info
2025-12-22 21:49:18 DEBUG o.s.security.web.FilterChainProxy - Secured GET /api/dashboard/info
2025-12-22 21:49:18 DEBUG o.s.web.servlet.DispatcherServlet - GET "/api/dashboard/info", parameters={}
2025-12-22 21:49:18 DEBUG o.s.w.s.m.m.a.RequestMappingHandlerMapping - Mapped to com.example.proyecto_citas_medicas.controller.DashboardController#getDashboardInfo()
2025-12-22 21:49:21 DEBUG o.s.w.s.m.m.a.HttpEntityMethodProcessor - Using 'application/json', given [application/json, text/plain, */*] and supported [application/json, application/*+json]
2025-12-22 21:49:21 DEBUG o.s.w.s.m.m.a.HttpEntityMethodProcessor - Writing [com.example.proyecto_citas_medicas.entities.ApiResponse@c94b943]
2025-12-22 21:49:21 DEBUG o.s.web.servlet.DispatcherServlet - Completed 200 OK
