2024-08-31 13:07:58 INFO  o.a.c.c.C.[Tomcat].[localhost].[/] - Initializing Spring DispatcherServlet 'dispatcherServlet'
2024-08-31 13:07:58 INFO  o.s.web.servlet.DispatcherServlet - Initializing Servlet 'dispatcherServlet'
2024-08-31 13:07:58 DEBUG o.s.web.servlet.DispatcherServlet - Detected StandardServletMultipartResolver
2024-08-31 13:07:58 DEBUG o.s.web.servlet.DispatcherServlet - Detected AcceptHeaderLocaleResolver
2024-08-31 13:07:58 DEBUG o.s.web.servlet.DispatcherServlet - Detected FixedThemeResolver
2024-08-31 13:07:58 DEBUG o.s.web.servlet.DispatcherServlet - Detected org.springframework.web.servlet.view.DefaultRequestToViewNameTranslator@7606569f
2024-08-31 13:07:58 DEBUG o.s.web.servlet.DispatcherServlet - Detected org.springframework.web.servlet.support.SessionFlashMapManager@11066de2
2024-08-31 13:07:58 DEBUG o.s.web.servlet.DispatcherServlet - enableLoggingRequestDetails='false': request parameters and headers will be masked to prevent unsafe logging of potentially sensitive data
2024-08-31 13:07:58 INFO  o.s.web.servlet.DispatcherServlet - Completed initialization in 2 ms
2024-08-31 13:07:58 DEBUG o.s.security.web.FilterChainProxy - Securing OPTIONS /api/user_roles
2024-08-31 13:07:58 DEBUG o.s.security.web.FilterChainProxy - Securing POST /api/user_roles
2024-08-31 13:07:58 DEBUG o.s.s.w.a.AnonymousAuthenticationFilter - Set SecurityContextHolder to anonymous SecurityContext
2024-08-31 13:07:58 DEBUG o.s.security.web.FilterChainProxy - Secured POST /api/user_roles
2024-08-31 13:07:58 DEBUG o.s.web.servlet.DispatcherServlet - POST "/api/user_roles", parameters={}
2024-08-31 13:07:58 DEBUG o.s.w.s.m.m.a.RequestMappingHandlerMapping - Mapped to com.example.proyecto_citas_medicas.controller.UserRolesController#get_user_roles(LoginUserDto)
2024-08-31 13:07:58 DEBUG o.s.w.s.m.m.a.RequestResponseBodyMethodProcessor - Read "application/json;charset=UTF-8" to [com.example.proyecto_citas_medicas.dtos.LoginUserDto@2152b3ad]
2024-08-31 13:07:58 DEBUG o.s.w.s.m.m.a.HttpEntityMethodProcessor - Using 'application/json', given [application/json, text/plain, */*] and supported [application/json, application/*+json]
2024-08-31 13:07:58 DEBUG o.s.w.s.m.m.a.HttpEntityMethodProcessor - Writing [com.example.proyecto_citas_medicas.entities.ApiResponse@5ec03327]
2024-08-31 13:07:58 DEBUG o.s.web.servlet.DispatcherServlet - Completed 200 OK
2024-08-31 13:08:00 DEBUG o.s.security.web.FilterChainProxy - Securing POST /api/user_roles
2024-08-31 13:08:00 DEBUG o.s.s.w.a.AnonymousAuthenticationFilter - Set SecurityContextHolder to anonymous SecurityContext
2024-08-31 13:08:00 DEBUG o.s.security.web.FilterChainProxy - Secured POST /api/user_roles
2024-08-31 13:08:00 DEBUG o.s.web.servlet.DispatcherServlet - POST "/api/user_roles", parameters={}
2024-08-31 13:08:00 DEBUG o.s.w.s.m.m.a.RequestMappingHandlerMapping - Mapped to com.example.proyecto_citas_medicas.controller.UserRolesController#get_user_roles(LoginUserDto)
2024-08-31 13:08:00 DEBUG o.s.w.s.m.m.a.RequestResponseBodyMethodProcessor - Read "application/json;charset=UTF-8" to [com.example.proyecto_citas_medicas.dtos.LoginUserDto@1eb08e54]
2024-08-31 13:08:00 DEBUG o.s.w.s.m.m.a.HttpEntityMethodProcessor - Using 'application/json', given [application/json, text/plain, */*] and supported [application/json, application/*+json]
2024-08-31 13:08:00 DEBUG o.s.w.s.m.m.a.HttpEntityMethodProcessor - Writing [com.example.proyecto_citas_medicas.entities.ApiResponse@3363a502]
2024-08-31 13:08:00 DEBUG o.s.web.servlet.DispatcherServlet - Completed 200 OK
2024-08-31 13:08:04 DEBUG o.s.security.web.FilterChainProxy - Securing OPTIONS /api/user_roles
2024-08-31 13:08:04 DEBUG o.s.security.web.FilterChainProxy - Securing POST /api/user_roles
2024-08-31 13:08:04 DEBUG o.s.s.w.a.AnonymousAuthenticationFilter - Set SecurityContextHolder to anonymous SecurityContext
2024-08-31 13:08:04 DEBUG o.s.security.web.FilterChainProxy - Secured POST /api/user_roles
2024-08-31 13:08:04 DEBUG o.s.web.servlet.DispatcherServlet - POST "/api/user_roles", parameters={}
2024-08-31 13:08:04 DEBUG o.s.w.s.m.m.a.RequestMappingHandlerMapping - Mapped to com.example.proyecto_citas_medicas.controller.UserRolesController#get_user_roles(LoginUserDto)
2024-08-31 13:08:04 DEBUG o.s.w.s.m.m.a.RequestResponseBodyMethodProcessor - Read "application/json;charset=UTF-8" to [com.example.proyecto_citas_medicas.dtos.LoginUserDto@2541f827]
2024-08-31 13:08:04 DEBUG o.s.w.s.m.m.a.HttpEntityMethodProcessor - Using 'application/json', given [application/json, text/plain, */*] and supported [application/json, application/*+json]
2024-08-31 13:08:04 DEBUG o.s.w.s.m.m.a.HttpEntityMethodProcessor - Writing [com.example.proyecto_citas_medicas.entities.ApiResponse@235f0af9]
2024-08-31 13:08:04 DEBUG o.s.web.servlet.DispatcherServlet - Completed 200 OK
2024-08-31 13:08:24 DEBUG o.s.security.web.FilterChainProxy - Securing OPTIONS /api/user_roles
2024-08-31 13:08:24 DEBUG o.s.security.web.FilterChainProxy - Securing POST /api/user_roles
2024-08-31 13:08:24 DEBUG o.s.s.w.a.AnonymousAuthenticationFilter - Set SecurityContextHolder to anonymous SecurityContext
2024-08-31 13:08:24 DEBUG o.s.security.web.FilterChainProxy - Secured POST /api/user_roles
2024-08-31 13:08:24 DEBUG o.s.web.servlet.DispatcherServlet - POST "/api/user_roles", parameters={}
2024-08-31 13:08:24 DEBUG o.s.w.s.m.m.a.RequestMappingHandlerMapping - Mapped to com.example.proyecto_citas_medicas.controller.UserRolesController#get_user_roles(LoginUserDto)
2024-08-31 13:08:24 DEBUG o.s.w.s.m.m.a.RequestResponseBodyMethodProcessor - Read "application/json;charset=UTF-8" to [com.example.proyecto_citas_medicas.dtos.LoginUserDto@7094ed78]
2024-08-31 13:08:24 DEBUG o.s.w.s.m.m.a.HttpEntityMethodProcessor - Using 'application/json', given [application/json, text/plain, */*] and supported [application/json, application/*+json]
2024-08-31 13:08:24 DEBUG o.s.w.s.m.m.a.HttpEntityMethodProcessor - Writing [com.example.proyecto_citas_medicas.entities.ApiResponse@1059b24b]
2024-08-31 13:08:24 DEBUG o.s.web.servlet.DispatcherServlet - Completed 200 OK
2024-08-31 13:08:26 DEBUG o.s.security.web.FilterChainProxy - Securing POST /api/user_roles
2024-08-31 13:08:26 DEBUG o.s.s.w.a.AnonymousAuthenticationFilter - Set SecurityContextHolder to anonymous SecurityContext
2024-08-31 13:08:26 DEBUG o.s.security.web.FilterChainProxy - Secured POST /api/user_roles
2024-08-31 13:08:26 DEBUG o.s.web.servlet.DispatcherServlet - POST "/api/user_roles", parameters={}
2024-08-31 13:08:26 DEBUG o.s.w.s.m.m.a.RequestMappingHandlerMapping - Mapped to com.example.proyecto_citas_medicas.controller.UserRolesController#get_user_roles(LoginUserDto)
2024-08-31 13:08:26 DEBUG o.s.w.s.m.m.a.RequestResponseBodyMethodProcessor - Read "application/json;charset=UTF-8" to [com.example.proyecto_citas_medicas.dtos.LoginUserDto@c5f6b28]
2024-08-31 13:08:26 DEBUG o.s.w.s.m.m.a.HttpEntityMethodProcessor - Using 'application/json', given [application/json, text/plain, */*] and supported [application/json, application/*+json]
2024-08-31 13:08:26 DEBUG o.s.w.s.m.m.a.HttpEntityMethodProcessor - Writing [com.example.proyecto_citas_medicas.entities.ApiResponse@27c43e84]
2024-08-31 13:08:26 DEBUG o.s.web.servlet.DispatcherServlet - Completed 200 OK
2024-08-31 13:08:32 DEBUG o.s.security.web.FilterChainProxy - Securing OPTIONS /api/user_roles
2024-08-31 13:08:32 DEBUG o.s.security.web.FilterChainProxy - Securing POST /api/user_roles
2024-08-31 13:08:32 DEBUG o.s.s.w.a.AnonymousAuthenticationFilter - Set SecurityContextHolder to anonymous SecurityContext
2024-08-31 13:08:32 DEBUG o.s.security.web.FilterChainProxy - Secured POST /api/user_roles
2024-08-31 13:08:32 DEBUG o.s.web.servlet.DispatcherServlet - POST "/api/user_roles", parameters={}
2024-08-31 13:08:32 DEBUG o.s.w.s.m.m.a.RequestMappingHandlerMapping - Mapped to com.example.proyecto_citas_medicas.controller.UserRolesController#get_user_roles(LoginUserDto)
2024-08-31 13:08:32 DEBUG o.s.w.s.m.m.a.RequestResponseBodyMethodProcessor - Read "application/json;charset=UTF-8" to [com.example.proyecto_citas_medicas.dtos.LoginUserDto@7806b148]
2024-08-31 13:08:32 DEBUG o.s.w.s.m.m.a.HttpEntityMethodProcessor - Using 'application/json', given [application/json, text/plain, */*] and supported [application/json, application/*+json]
2024-08-31 13:08:32 DEBUG o.s.w.s.m.m.a.HttpEntityMethodProcessor - Writing [com.example.proyecto_citas_medicas.entities.ApiResponse@22acb48]
2024-08-31 13:08:32 DEBUG o.s.web.servlet.DispatcherServlet - Completed 200 OK
2024-08-31 13:08:58 DEBUG o.s.security.web.FilterChainProxy - Securing OPTIONS /api/user_roles
2024-08-31 13:08:58 DEBUG o.s.security.web.FilterChainProxy - Securing POST /api/user_roles
2024-08-31 13:08:58 DEBUG o.s.s.w.a.AnonymousAuthenticationFilter - Set SecurityContextHolder to anonymous SecurityContext
2024-08-31 13:08:58 DEBUG o.s.security.web.FilterChainProxy - Secured POST /api/user_roles
2024-08-31 13:08:58 DEBUG o.s.web.servlet.DispatcherServlet - POST "/api/user_roles", parameters={}
2024-08-31 13:08:58 DEBUG o.s.w.s.m.m.a.RequestMappingHandlerMapping - Mapped to com.example.proyecto_citas_medicas.controller.UserRolesController#get_user_roles(LoginUserDto)
2024-08-31 13:08:58 DEBUG o.s.w.s.m.m.a.RequestResponseBodyMethodProcessor - Read "application/json;charset=UTF-8" to [com.example.proyecto_citas_medicas.dtos.LoginUserDto@3f659512]
2024-08-31 13:08:58 DEBUG o.s.w.s.m.m.a.HttpEntityMethodProcessor - Using 'application/json', given [application/json, text/plain, */*] and supported [application/json, application/*+json]
2024-08-31 13:08:58 DEBUG o.s.w.s.m.m.a.HttpEntityMethodProcessor - Writing [com.example.proyecto_citas_medicas.entities.ApiResponse@259f0e82]
2024-08-31 13:08:58 DEBUG o.s.web.servlet.DispatcherServlet - Completed 200 OK
2024-08-31 13:09:51 DEBUG o.s.security.web.FilterChainProxy - Securing OPTIONS /api/user_roles
2024-08-31 13:09:51 DEBUG o.s.security.web.FilterChainProxy - Securing POST /api/user_roles
2024-08-31 13:09:51 DEBUG o.s.s.w.a.AnonymousAuthenticationFilter - Set SecurityContextHolder to anonymous SecurityContext
2024-08-31 13:09:51 DEBUG o.s.security.web.FilterChainProxy - Secured POST /api/user_roles
2024-08-31 13:09:51 DEBUG o.s.web.servlet.DispatcherServlet - POST "/api/user_roles", parameters={}
2024-08-31 13:09:51 DEBUG o.s.w.s.m.m.a.RequestMappingHandlerMapping - Mapped to com.example.proyecto_citas_medicas.controller.UserRolesController#get_user_roles(LoginUserDto)
2024-08-31 13:09:51 DEBUG o.s.w.s.m.m.a.RequestResponseBodyMethodProcessor - Read "application/json;charset=UTF-8" to [com.example.proyecto_citas_medicas.dtos.LoginUserDto@31659686]
2024-08-31 13:09:51 DEBUG o.s.w.s.m.m.a.HttpEntityMethodProcessor - Using 'application/json', given [application/json, text/plain, */*] and supported [application/json, application/*+json]
2024-08-31 13:09:51 DEBUG o.s.w.s.m.m.a.HttpEntityMethodProcessor - Writing [com.example.proyecto_citas_medicas.entities.ApiResponse@4ef72e17]
2024-08-31 13:09:51 DEBUG o.s.web.servlet.DispatcherServlet - Completed 200 OK
2024-08-31 13:09:57 DEBUG o.s.security.web.FilterChainProxy - Securing OPTIONS /api/user_roles
2024-08-31 13:09:57 DEBUG o.s.security.web.FilterChainProxy - Securing POST /api/user_roles
2024-08-31 13:09:57 DEBUG o.s.s.w.a.AnonymousAuthenticationFilter - Set SecurityContextHolder to anonymous SecurityContext
2024-08-31 13:09:57 DEBUG o.s.security.web.FilterChainProxy - Secured POST /api/user_roles
2024-08-31 13:09:57 DEBUG o.s.web.servlet.DispatcherServlet - POST "/api/user_roles", parameters={}
2024-08-31 13:09:57 DEBUG o.s.w.s.m.m.a.RequestMappingHandlerMapping - Mapped to com.example.proyecto_citas_medicas.controller.UserRolesController#get_user_roles(LoginUserDto)
2024-08-31 13:09:57 DEBUG o.s.w.s.m.m.a.RequestResponseBodyMethodProcessor - Read "application/json;charset=UTF-8" to [com.example.proyecto_citas_medicas.dtos.LoginUserDto@eda19a6]
2024-08-31 13:09:57 DEBUG o.s.w.s.m.m.a.HttpEntityMethodProcessor - Using 'application/json', given [application/json, text/plain, */*] and supported [application/json, application/*+json]
2024-08-31 13:09:57 DEBUG o.s.w.s.m.m.a.HttpEntityMethodProcessor - Writing [com.example.proyecto_citas_medicas.entities.ApiResponse@42b0ed97]
2024-08-31 13:09:57 DEBUG o.s.web.servlet.DispatcherServlet - Completed 200 OK
2024-08-31 13:09:59 DEBUG o.s.security.web.FilterChainProxy - Securing POST /api/user_roles
2024-08-31 13:09:59 DEBUG o.s.s.w.a.AnonymousAuthenticationFilter - Set SecurityContextHolder to anonymous SecurityContext
2024-08-31 13:09:59 DEBUG o.s.security.web.FilterChainProxy - Secured POST /api/user_roles
2024-08-31 13:09:59 DEBUG o.s.web.servlet.DispatcherServlet - POST "/api/user_roles", parameters={}
2024-08-31 13:09:59 DEBUG o.s.w.s.m.m.a.RequestMappingHandlerMapping - Mapped to com.example.proyecto_citas_medicas.controller.UserRolesController#get_user_roles(LoginUserDto)
2024-08-31 13:09:59 DEBUG o.s.w.s.m.m.a.RequestResponseBodyMethodProcessor - Read "application/json;charset=UTF-8" to [com.example.proyecto_citas_medicas.dtos.LoginUserDto@4f33dc93]
2024-08-31 13:09:59 DEBUG o.s.w.s.m.m.a.HttpEntityMethodProcessor - Using 'application/json', given [application/json, text/plain, */*] and supported [application/json, application/*+json]
2024-08-31 13:09:59 DEBUG o.s.w.s.m.m.a.HttpEntityMethodProcessor - Writing [com.example.proyecto_citas_medicas.entities.ApiResponse@32eb974c]
2024-08-31 13:09:59 DEBUG o.s.web.servlet.DispatcherServlet - Completed 200 OK
2024-08-31 13:10:02 DEBUG o.s.security.web.FilterChainProxy - Securing OPTIONS /api/user_roles
2024-08-31 13:10:02 DEBUG o.s.security.web.FilterChainProxy - Securing POST /api/user_roles
2024-08-31 13:10:02 DEBUG o.s.s.w.a.AnonymousAuthenticationFilter - Set SecurityContextHolder to anonymous SecurityContext
2024-08-31 13:10:02 DEBUG o.s.security.web.FilterChainProxy - Secured POST /api/user_roles
2024-08-31 13:10:02 DEBUG o.s.web.servlet.DispatcherServlet - POST "/api/user_roles", parameters={}
2024-08-31 13:10:02 DEBUG o.s.w.s.m.m.a.RequestMappingHandlerMapping - Mapped to com.example.proyecto_citas_medicas.controller.UserRolesController#get_user_roles(LoginUserDto)
2024-08-31 13:10:02 DEBUG o.s.w.s.m.m.a.RequestResponseBodyMethodProcessor - Read "application/json;charset=UTF-8" to [com.example.proyecto_citas_medicas.dtos.LoginUserDto@c0c2788]
2024-08-31 13:10:02 DEBUG o.s.w.s.m.m.a.HttpEntityMethodProcessor - Using 'application/json', given [application/json, text/plain, */*] and supported [application/json, application/*+json]
2024-08-31 13:10:02 DEBUG o.s.w.s.m.m.a.HttpEntityMethodProcessor - Writing [com.example.proyecto_citas_medicas.entities.ApiResponse@54d6b38]
2024-08-31 13:10:02 DEBUG o.s.web.servlet.DispatcherServlet - Completed 200 OK
2024-08-31 13:10:04 DEBUG o.s.security.web.FilterChainProxy - Securing POST /api/user_roles
2024-08-31 13:10:04 DEBUG o.s.s.w.a.AnonymousAuthenticationFilter - Set SecurityContextHolder to anonymous SecurityContext
2024-08-31 13:10:04 DEBUG o.s.security.web.FilterChainProxy - Secured POST /api/user_roles
2024-08-31 13:10:04 DEBUG o.s.web.servlet.DispatcherServlet - POST "/api/user_roles", parameters={}
2024-08-31 13:10:04 DEBUG o.s.w.s.m.m.a.RequestMappingHandlerMapping - Mapped to com.example.proyecto_citas_medicas.controller.UserRolesController#get_user_roles(LoginUserDto)
2024-08-31 13:10:04 DEBUG o.s.w.s.m.m.a.RequestResponseBodyMethodProcessor - Read "application/json;charset=UTF-8" to [com.example.proyecto_citas_medicas.dtos.LoginUserDto@6e5cbdb3]
2024-08-31 13:10:04 DEBUG o.s.w.s.m.m.a.HttpEntityMethodProcessor - Using 'application/json', given [application/json, text/plain, */*] and supported [application/json, application/*+json]
2024-08-31 13:10:04 DEBUG o.s.w.s.m.m.a.HttpEntityMethodProcessor - Writing [com.example.proyecto_citas_medicas.entities.ApiResponse@49999658]
2024-08-31 13:10:04 DEBUG o.s.web.servlet.DispatcherServlet - Completed 200 OK
2024-08-31 13:10:08 DEBUG o.s.security.web.FilterChainProxy - Securing OPTIONS /api/user_roles
2024-08-31 13:10:08 DEBUG o.s.security.web.FilterChainProxy - Securing POST /api/user_roles
2024-08-31 13:10:08 DEBUG o.s.s.w.a.AnonymousAuthenticationFilter - Set SecurityContextHolder to anonymous SecurityContext
2024-08-31 13:10:08 DEBUG o.s.security.web.FilterChainProxy - Secured POST /api/user_roles
2024-08-31 13:10:08 DEBUG o.s.web.servlet.DispatcherServlet - POST "/api/user_roles", parameters={}
2024-08-31 13:10:08 DEBUG o.s.w.s.m.m.a.RequestMappingHandlerMapping - Mapped to com.example.proyecto_citas_medicas.controller.UserRolesController#get_user_roles(LoginUserDto)
2024-08-31 13:10:08 DEBUG o.s.w.s.m.m.a.RequestResponseBodyMethodProcessor - Read "application/json;charset=UTF-8" to [com.example.proyecto_citas_medicas.dtos.LoginUserDto@681244a9]
2024-08-31 13:10:08 DEBUG o.s.w.s.m.m.a.HttpEntityMethodProcessor - Using 'application/json', given [application/json, text/plain, */*] and supported [application/json, application/*+json]
2024-08-31 13:10:08 DEBUG o.s.w.s.m.m.a.HttpEntityMethodProcessor - Writing [com.example.proyecto_citas_medicas.entities.ApiResponse@25226c46]
2024-08-31 13:10:08 DEBUG o.s.web.servlet.DispatcherServlet - Completed 200 OK
2024-08-31 13:10:18 DEBUG o.s.security.web.FilterChainProxy - Securing OPTIONS /api/user_roles
2024-08-31 13:10:18 DEBUG o.s.security.web.FilterChainProxy - Securing POST /api/user_roles
2024-08-31 13:10:18 DEBUG o.s.s.w.a.AnonymousAuthenticationFilter - Set SecurityContextHolder to anonymous SecurityContext
2024-08-31 13:10:18 DEBUG o.s.security.web.FilterChainProxy - Secured POST /api/user_roles
2024-08-31 13:10:18 DEBUG o.s.web.servlet.DispatcherServlet - POST "/api/user_roles", parameters={}
2024-08-31 13:10:18 DEBUG o.s.w.s.m.m.a.RequestMappingHandlerMapping - Mapped to com.example.proyecto_citas_medicas.controller.UserRolesController#get_user_roles(LoginUserDto)
2024-08-31 13:10:18 DEBUG o.s.w.s.m.m.a.RequestResponseBodyMethodProcessor - Read "application/json;charset=UTF-8" to [com.example.proyecto_citas_medicas.dtos.LoginUserDto@4fa015a4]
2024-08-31 13:10:18 DEBUG o.s.w.s.m.m.a.HttpEntityMethodProcessor - Using 'application/json', given [application/json, text/plain, */*] and supported [application/json, application/*+json]
2024-08-31 13:10:18 DEBUG o.s.w.s.m.m.a.HttpEntityMethodProcessor - Writing [com.example.proyecto_citas_medicas.entities.ApiResponse@2b2207f3]
2024-08-31 13:10:18 DEBUG o.s.web.servlet.DispatcherServlet - Completed 200 OK
2024-08-31 13:10:22 DEBUG o.s.security.web.FilterChainProxy - Securing POST /api/user_roles
2024-08-31 13:10:22 DEBUG o.s.s.w.a.AnonymousAuthenticationFilter - Set SecurityContextHolder to anonymous SecurityContext
2024-08-31 13:10:22 DEBUG o.s.security.web.FilterChainProxy - Secured POST /api/user_roles
2024-08-31 13:10:22 DEBUG o.s.web.servlet.DispatcherServlet - POST "/api/user_roles", parameters={}
2024-08-31 13:10:22 DEBUG o.s.w.s.m.m.a.RequestMappingHandlerMapping - Mapped to com.example.proyecto_citas_medicas.controller.UserRolesController#get_user_roles(LoginUserDto)
2024-08-31 13:10:22 DEBUG o.s.w.s.m.m.a.RequestResponseBodyMethodProcessor - Read "application/json;charset=UTF-8" to [com.example.proyecto_citas_medicas.dtos.LoginUserDto@2d9462a0]
2024-08-31 13:10:22 DEBUG o.s.w.s.m.m.a.HttpEntityMethodProcessor - Using 'application/json', given [application/json, text/plain, */*] and supported [application/json, application/*+json]
2024-08-31 13:10:22 DEBUG o.s.w.s.m.m.a.HttpEntityMethodProcessor - Writing [com.example.proyecto_citas_medicas.entities.ApiResponse@14235180]
2024-08-31 13:10:22 DEBUG o.s.web.servlet.DispatcherServlet - Completed 200 OK
2024-08-31 13:10:27 DEBUG o.s.security.web.FilterChainProxy - Securing OPTIONS /api/user_roles
2024-08-31 13:10:27 DEBUG o.s.security.web.FilterChainProxy - Securing POST /api/user_roles
2024-08-31 13:10:27 DEBUG o.s.s.w.a.AnonymousAuthenticationFilter - Set SecurityContextHolder to anonymous SecurityContext
2024-08-31 13:10:27 DEBUG o.s.security.web.FilterChainProxy - Secured POST /api/user_roles
2024-08-31 13:10:27 DEBUG o.s.web.servlet.DispatcherServlet - POST "/api/user_roles", parameters={}
2024-08-31 13:10:27 DEBUG o.s.w.s.m.m.a.RequestMappingHandlerMapping - Mapped to com.example.proyecto_citas_medicas.controller.UserRolesController#get_user_roles(LoginUserDto)
2024-08-31 13:10:27 DEBUG o.s.w.s.m.m.a.RequestResponseBodyMethodProcessor - Read "application/json;charset=UTF-8" to [com.example.proyecto_citas_medicas.dtos.LoginUserDto@64a8c236]
2024-08-31 13:10:27 DEBUG o.s.w.s.m.m.a.HttpEntityMethodProcessor - Using 'application/json', given [application/json, text/plain, */*] and supported [application/json, application/*+json]
2024-08-31 13:10:27 DEBUG o.s.w.s.m.m.a.HttpEntityMethodProcessor - Writing [com.example.proyecto_citas_medicas.entities.ApiResponse@35b7da08]
2024-08-31 13:10:27 DEBUG o.s.web.servlet.DispatcherServlet - Completed 200 OK
2024-08-31 13:10:33 DEBUG o.s.security.web.FilterChainProxy - Securing OPTIONS /api/user_roles
2024-08-31 13:10:33 DEBUG o.s.security.web.FilterChainProxy - Securing POST /api/user_roles
2024-08-31 13:10:33 DEBUG o.s.s.w.a.AnonymousAuthenticationFilter - Set SecurityContextHolder to anonymous SecurityContext
2024-08-31 13:10:33 DEBUG o.s.security.web.FilterChainProxy - Secured POST /api/user_roles
2024-08-31 13:10:33 DEBUG o.s.web.servlet.DispatcherServlet - POST "/api/user_roles", parameters={}
2024-08-31 13:10:33 DEBUG o.s.w.s.m.m.a.RequestMappingHandlerMapping - Mapped to com.example.proyecto_citas_medicas.controller.UserRolesController#get_user_roles(LoginUserDto)
2024-08-31 13:10:33 DEBUG o.s.w.s.m.m.a.RequestResponseBodyMethodProcessor - Read "application/json;charset=UTF-8" to [com.example.proyecto_citas_medicas.dtos.LoginUserDto@70a9265d]
2024-08-31 13:10:33 DEBUG o.s.w.s.m.m.a.HttpEntityMethodProcessor - Using 'application/json', given [application/json, text/plain, */*] and supported [application/json, application/*+json]
2024-08-31 13:10:33 DEBUG o.s.w.s.m.m.a.HttpEntityMethodProcessor - Writing [com.example.proyecto_citas_medicas.entities.ApiResponse@217ae47a]
2024-08-31 13:10:33 DEBUG o.s.web.servlet.DispatcherServlet - Completed 200 OK
2024-08-31 13:10:36 DEBUG o.s.security.web.FilterChainProxy - Securing POST /api/user_roles
2024-08-31 13:10:36 DEBUG o.s.s.w.a.AnonymousAuthenticationFilter - Set SecurityContextHolder to anonymous SecurityContext
2024-08-31 13:10:36 DEBUG o.s.security.web.FilterChainProxy - Secured POST /api/user_roles
2024-08-31 13:10:36 DEBUG o.s.web.servlet.DispatcherServlet - POST "/api/user_roles", parameters={}
2024-08-31 13:10:36 DEBUG o.s.w.s.m.m.a.RequestMappingHandlerMapping - Mapped to com.example.proyecto_citas_medicas.controller.UserRolesController#get_user_roles(LoginUserDto)
2024-08-31 13:10:36 DEBUG o.s.w.s.m.m.a.RequestResponseBodyMethodProcessor - Read "application/json;charset=UTF-8" to [com.example.proyecto_citas_medicas.dtos.LoginUserDto@45c7165c]
2024-08-31 13:10:36 DEBUG o.s.w.s.m.m.a.HttpEntityMethodProcessor - Using 'application/json', given [application/json, text/plain, */*] and supported [application/json, application/*+json]
2024-08-31 13:10:36 DEBUG o.s.w.s.m.m.a.HttpEntityMethodProcessor - Writing [com.example.proyecto_citas_medicas.entities.ApiResponse@3319c692]
2024-08-31 13:10:36 DEBUG o.s.web.servlet.DispatcherServlet - Completed 200 OK
2024-08-31 13:10:41 DEBUG o.s.security.web.FilterChainProxy - Securing OPTIONS /api/user_roles
2024-08-31 13:10:41 DEBUG o.s.security.web.FilterChainProxy - Securing POST /api/user_roles
2024-08-31 13:10:41 DEBUG o.s.s.w.a.AnonymousAuthenticationFilter - Set SecurityContextHolder to anonymous SecurityContext
2024-08-31 13:10:41 DEBUG o.s.security.web.FilterChainProxy - Secured POST /api/user_roles
2024-08-31 13:10:41 DEBUG o.s.web.servlet.DispatcherServlet - POST "/api/user_roles", parameters={}
2024-08-31 13:10:41 DEBUG o.s.w.s.m.m.a.RequestMappingHandlerMapping - Mapped to com.example.proyecto_citas_medicas.controller.UserRolesController#get_user_roles(LoginUserDto)
2024-08-31 13:10:41 DEBUG o.s.w.s.m.m.a.RequestResponseBodyMethodProcessor - Read "application/json;charset=UTF-8" to [com.example.proyecto_citas_medicas.dtos.LoginUserDto@47c752af]
2024-08-31 13:10:41 DEBUG o.s.w.s.m.m.a.HttpEntityMethodProcessor - Using 'application/json', given [application/json, text/plain, */*] and supported [application/json, application/*+json]
2024-08-31 13:10:41 DEBUG o.s.w.s.m.m.a.HttpEntityMethodProcessor - Writing [com.example.proyecto_citas_medicas.entities.ApiResponse@484d2d0f]
2024-08-31 13:10:41 DEBUG o.s.web.servlet.DispatcherServlet - Completed 200 OK
2024-08-31 13:11:12 DEBUG o.s.security.web.FilterChainProxy - Securing OPTIONS /api/user_roles
2024-08-31 13:11:12 DEBUG o.s.security.web.FilterChainProxy - Securing POST /api/user_roles
2024-08-31 13:11:12 DEBUG o.s.s.w.a.AnonymousAuthenticationFilter - Set SecurityContextHolder to anonymous SecurityContext
2024-08-31 13:11:12 DEBUG o.s.security.web.FilterChainProxy - Secured POST /api/user_roles
2024-08-31 13:11:12 DEBUG o.s.web.servlet.DispatcherServlet - POST "/api/user_roles", parameters={}
2024-08-31 13:11:12 DEBUG o.s.w.s.m.m.a.RequestMappingHandlerMapping - Mapped to com.example.proyecto_citas_medicas.controller.UserRolesController#get_user_roles(LoginUserDto)
2024-08-31 13:11:12 DEBUG o.s.w.s.m.m.a.RequestResponseBodyMethodProcessor - Read "application/json;charset=UTF-8" to [com.example.proyecto_citas_medicas.dtos.LoginUserDto@3cc540a]
2024-08-31 13:11:12 DEBUG o.s.w.s.m.m.a.HttpEntityMethodProcessor - Using 'application/json', given [application/json, text/plain, */*] and supported [application/json, application/*+json]
2024-08-31 13:11:12 DEBUG o.s.w.s.m.m.a.HttpEntityMethodProcessor - Writing [com.example.proyecto_citas_medicas.entities.ApiResponse@75d751ff]
2024-08-31 13:11:12 DEBUG o.s.web.servlet.DispatcherServlet - Completed 200 OK
2024-08-31 13:25:38 DEBUG o.s.security.web.FilterChainProxy - Securing OPTIONS /api/auth/login
2024-08-31 13:25:38 DEBUG o.s.security.web.FilterChainProxy - Securing POST /api/auth/login
2024-08-31 13:25:38 DEBUG o.s.s.w.a.AnonymousAuthenticationFilter - Set SecurityContextHolder to anonymous SecurityContext
2024-08-31 13:25:38 DEBUG o.s.security.web.FilterChainProxy - Secured POST /api/auth/login
2024-08-31 13:25:38 DEBUG o.s.web.servlet.DispatcherServlet - POST "/api/auth/login", parameters={}
2024-08-31 13:25:38 DEBUG o.s.w.s.m.m.a.RequestMappingHandlerMapping - Mapped to com.example.proyecto_citas_medicas.controller.AuthenticationController#authenticate(LoginUserDto)
2024-08-31 13:25:38 DEBUG o.s.w.s.m.m.a.RequestResponseBodyMethodProcessor - Read "application/json;charset=UTF-8" to [com.example.proyecto_citas_medicas.dtos.LoginUserDto@68a35b13]
2024-08-31 13:25:38 DEBUG o.s.s.a.d.DaoAuthenticationProvider - Authenticated user
2024-08-31 13:25:38 DEBUG o.s.w.s.m.m.a.HttpEntityMethodProcessor - Using 'application/json', given [application/json, text/plain, */*] and supported [application/json, application/*+json]
2024-08-31 13:25:38 DEBUG o.s.w.s.m.m.a.HttpEntityMethodProcessor - Writing [com.example.proyecto_citas_medicas.entities.ApiResponse@173e7251]
2024-08-31 13:25:38 DEBUG o.s.web.servlet.DispatcherServlet - Completed 200 OK
2024-08-31 13:38:02 DEBUG o.s.security.web.FilterChainProxy - Securing OPTIONS /api/user_roles
2024-08-31 13:38:03 DEBUG o.s.security.web.FilterChainProxy - Securing POST /api/user_roles
2024-08-31 13:38:03 DEBUG o.s.s.w.a.AnonymousAuthenticationFilter - Set SecurityContextHolder to anonymous SecurityContext
2024-08-31 13:38:03 DEBUG o.s.security.web.FilterChainProxy - Secured POST /api/user_roles
2024-08-31 13:38:03 DEBUG o.s.web.servlet.DispatcherServlet - POST "/api/user_roles", parameters={}
2024-08-31 13:38:03 DEBUG o.s.w.s.m.m.a.RequestMappingHandlerMapping - Mapped to com.example.proyecto_citas_medicas.controller.UserRolesController#get_user_roles(LoginUserDto)
2024-08-31 13:38:03 DEBUG o.s.w.s.m.m.a.RequestResponseBodyMethodProcessor - Read "application/json;charset=UTF-8" to [com.example.proyecto_citas_medicas.dtos.LoginUserDto@40fd5ef8]
2024-08-31 13:38:03 DEBUG o.s.w.s.m.m.a.HttpEntityMethodProcessor - Using 'application/json', given [application/json, text/plain, */*] and supported [application/json, application/*+json]
2024-08-31 13:38:03 DEBUG o.s.w.s.m.m.a.HttpEntityMethodProcessor - Writing [com.example.proyecto_citas_medicas.entities.ApiResponse@1e9596a2]
2024-08-31 13:38:03 DEBUG o.s.web.servlet.DispatcherServlet - Completed 200 OK
2024-08-31 13:38:07 DEBUG o.s.security.web.FilterChainProxy - Securing OPTIONS /api/auth/login
2024-08-31 13:38:07 DEBUG o.s.security.web.FilterChainProxy - Securing POST /api/auth/login
2024-08-31 13:38:07 DEBUG o.s.s.w.a.AnonymousAuthenticationFilter - Set SecurityContextHolder to anonymous SecurityContext
2024-08-31 13:38:07 DEBUG o.s.security.web.FilterChainProxy - Secured POST /api/auth/login
2024-08-31 13:38:07 DEBUG o.s.web.servlet.DispatcherServlet - POST "/api/auth/login", parameters={}
2024-08-31 13:38:07 DEBUG o.s.w.s.m.m.a.RequestMappingHandlerMapping - Mapped to com.example.proyecto_citas_medicas.controller.AuthenticationController#authenticate(LoginUserDto)
2024-08-31 13:38:07 DEBUG o.s.w.s.m.m.a.RequestResponseBodyMethodProcessor - Read "application/json;charset=UTF-8" to [com.example.proyecto_citas_medicas.dtos.LoginUserDto@42d5f048]
2024-08-31 13:38:07 DEBUG o.s.s.a.d.DaoAuthenticationProvider - Authenticated user
2024-08-31 13:38:07 DEBUG o.s.w.s.m.m.a.HttpEntityMethodProcessor - Using 'application/json', given [application/json, text/plain, */*] and supported [application/json, application/*+json]
2024-08-31 13:38:07 DEBUG o.s.w.s.m.m.a.HttpEntityMethodProcessor - Writing [com.example.proyecto_citas_medicas.entities.ApiResponse@7ba139bc]
2024-08-31 13:38:07 DEBUG o.s.web.servlet.DispatcherServlet - Completed 200 OK
2024-08-31 14:52:31 DEBUG o.s.security.web.FilterChainProxy - Securing OPTIONS /api/user_roles
2024-08-31 14:52:32 DEBUG o.s.security.web.FilterChainProxy - Securing POST /api/user_roles
2024-08-31 14:58:13 DEBUG o.s.security.web.FilterChainProxy - Securing OPTIONS /api/user_roles
2024-08-31 14:58:13 DEBUG o.s.security.web.FilterChainProxy - Securing POST /api/user_roles
2024-08-31 14:58:19 DEBUG o.s.security.web.FilterChainProxy - Securing OPTIONS /api/user_roles
2024-08-31 14:58:19 DEBUG o.s.security.web.FilterChainProxy - Securing POST /api/user_roles
2024-08-31 15:09:44 DEBUG o.s.security.web.FilterChainProxy - Securing OPTIONS /api/user_roles
2024-08-31 15:09:44 DEBUG o.s.security.web.FilterChainProxy - Securing POST /api/user_roles
2024-08-31 15:09:44 DEBUG o.s.s.w.a.AnonymousAuthenticationFilter - Set SecurityContextHolder to anonymous SecurityContext
2024-08-31 15:09:44 DEBUG o.s.security.web.FilterChainProxy - Secured POST /api/user_roles
2024-08-31 15:09:44 DEBUG o.s.web.servlet.DispatcherServlet - POST "/api/user_roles", parameters={}
2024-08-31 15:09:44 DEBUG o.s.w.s.m.m.a.RequestMappingHandlerMapping - Mapped to com.example.proyecto_citas_medicas.controller.UserRolesController#get_user_roles(LoginUserDto)
2024-08-31 15:09:44 DEBUG o.s.w.s.m.m.a.RequestResponseBodyMethodProcessor - Read "application/json;charset=UTF-8" to [com.example.proyecto_citas_medicas.dtos.LoginUserDto@45ef80f6]
2024-08-31 15:09:44 DEBUG o.s.w.s.m.m.a.HttpEntityMethodProcessor - Using 'application/json', given [application/json, text/plain, */*] and supported [application/json, application/*+json]
2024-08-31 15:09:44 DEBUG o.s.w.s.m.m.a.HttpEntityMethodProcessor - Writing [com.example.proyecto_citas_medicas.entities.ApiResponse@7a9ec911]
2024-08-31 15:09:44 DEBUG o.s.web.servlet.DispatcherServlet - Completed 200 OK
2024-08-31 15:09:47 DEBUG o.s.security.web.FilterChainProxy - Securing OPTIONS /api/auth/login
2024-08-31 15:09:47 DEBUG o.s.security.web.FilterChainProxy - Securing POST /api/auth/login
2024-08-31 15:09:47 DEBUG o.s.s.w.a.AnonymousAuthenticationFilter - Set SecurityContextHolder to anonymous SecurityContext
2024-08-31 15:09:47 DEBUG o.s.security.web.FilterChainProxy - Secured POST /api/auth/login
2024-08-31 15:09:47 DEBUG o.s.web.servlet.DispatcherServlet - POST "/api/auth/login", parameters={}
2024-08-31 15:09:47 DEBUG o.s.w.s.m.m.a.RequestMappingHandlerMapping - Mapped to com.example.proyecto_citas_medicas.controller.AuthenticationController#authenticate(LoginUserDto)
2024-08-31 15:09:47 DEBUG o.s.w.s.m.m.a.RequestResponseBodyMethodProcessor - Read "application/json;charset=UTF-8" to [com.example.proyecto_citas_medicas.dtos.LoginUserDto@7bd456ec]
2024-08-31 15:09:47 DEBUG o.s.s.a.d.DaoAuthenticationProvider - Authenticated user
2024-08-31 15:09:47 DEBUG o.s.w.s.m.m.a.HttpEntityMethodProcessor - Using 'application/json', given [application/json, text/plain, */*] and supported [application/json, application/*+json]
2024-08-31 15:09:47 DEBUG o.s.w.s.m.m.a.HttpEntityMethodProcessor - Writing [com.example.proyecto_citas_medicas.entities.ApiResponse@206c23a1]
2024-08-31 15:09:47 DEBUG o.s.web.servlet.DispatcherServlet - Completed 200 OK
2024-08-31 15:09:51 DEBUG o.s.security.web.FilterChainProxy - Securing OPTIONS /api/auth/login
2024-08-31 15:09:51 DEBUG o.s.security.web.FilterChainProxy - Securing POST /api/auth/login
2024-08-31 15:09:52 DEBUG o.s.security.web.FilterChainProxy - Securing POST /api/auth/login
2024-08-31 15:09:53 DEBUG o.s.security.web.FilterChainProxy - Securing POST /api/auth/login
2024-08-31 15:09:54 DEBUG o.s.security.web.FilterChainProxy - Securing POST /api/auth/login
2024-08-31 15:09:54 DEBUG o.s.security.web.FilterChainProxy - Securing POST /api/auth/login
2024-08-31 15:09:55 DEBUG o.s.security.web.FilterChainProxy - Securing POST /api/auth/login
2024-08-31 15:09:55 DEBUG o.s.security.web.FilterChainProxy - Securing POST /api/auth/login
2024-08-31 15:09:55 DEBUG o.s.security.web.FilterChainProxy - Securing POST /api/auth/login
2024-08-31 15:09:55 DEBUG o.s.security.web.FilterChainProxy - Securing POST /api/auth/login
2024-08-31 15:09:55 DEBUG o.s.security.web.FilterChainProxy - Securing POST /api/auth/login
2024-08-31 15:11:39 DEBUG o.s.security.web.FilterChainProxy - Securing OPTIONS /api/user_roles
2024-08-31 15:11:39 DEBUG o.s.security.web.FilterChainProxy - Securing POST /api/user_roles
2024-08-31 15:11:39 DEBUG o.s.s.w.a.AnonymousAuthenticationFilter - Set SecurityContextHolder to anonymous SecurityContext
2024-08-31 15:11:39 DEBUG o.s.security.web.FilterChainProxy - Secured POST /api/user_roles
2024-08-31 15:11:39 DEBUG o.s.web.servlet.DispatcherServlet - POST "/api/user_roles", parameters={}
2024-08-31 15:11:39 DEBUG o.s.w.s.m.m.a.RequestMappingHandlerMapping - Mapped to com.example.proyecto_citas_medicas.controller.UserRolesController#get_user_roles(LoginUserDto)
2024-08-31 15:11:39 DEBUG o.s.w.s.m.m.a.RequestResponseBodyMethodProcessor - Read "application/json;charset=UTF-8" to [com.example.proyecto_citas_medicas.dtos.LoginUserDto@3378d560]
2024-08-31 15:11:39 DEBUG o.s.w.s.m.m.a.HttpEntityMethodProcessor - Using 'application/json', given [application/json, text/plain, */*] and supported [application/json, application/*+json]
2024-08-31 15:11:39 DEBUG o.s.w.s.m.m.a.HttpEntityMethodProcessor - Writing [com.example.proyecto_citas_medicas.entities.ApiResponse@2122755]
2024-08-31 15:11:39 DEBUG o.s.web.servlet.DispatcherServlet - Completed 200 OK
2024-08-31 15:11:55 DEBUG o.s.security.web.FilterChainProxy - Securing OPTIONS /api/user_roles
2024-08-31 15:11:55 DEBUG o.s.security.web.FilterChainProxy - Securing POST /api/user_roles
2024-08-31 15:11:55 DEBUG o.s.s.w.a.AnonymousAuthenticationFilter - Set SecurityContextHolder to anonymous SecurityContext
2024-08-31 15:11:55 DEBUG o.s.security.web.FilterChainProxy - Secured POST /api/user_roles
2024-08-31 15:11:55 DEBUG o.s.web.servlet.DispatcherServlet - POST "/api/user_roles", parameters={}
2024-08-31 15:11:55 DEBUG o.s.w.s.m.m.a.RequestMappingHandlerMapping - Mapped to com.example.proyecto_citas_medicas.controller.UserRolesController#get_user_roles(LoginUserDto)
2024-08-31 15:11:55 DEBUG o.s.w.s.m.m.a.RequestResponseBodyMethodProcessor - Read "application/json;charset=UTF-8" to [com.example.proyecto_citas_medicas.dtos.LoginUserDto@b07b8da]
2024-08-31 15:11:55 DEBUG o.s.w.s.m.m.a.HttpEntityMethodProcessor - Using 'application/json', given [application/json, text/plain, */*] and supported [application/json, application/*+json]
2024-08-31 15:11:55 DEBUG o.s.w.s.m.m.a.HttpEntityMethodProcessor - Writing [com.example.proyecto_citas_medicas.entities.ApiResponse@69f6551f]
2024-08-31 15:11:55 DEBUG o.s.web.servlet.DispatcherServlet - Completed 200 OK
2024-08-31 15:11:59 DEBUG o.s.security.web.FilterChainProxy - Securing OPTIONS /api/auth/login
2024-08-31 15:11:59 DEBUG o.s.security.web.FilterChainProxy - Securing POST /api/auth/login
2024-08-31 15:11:59 DEBUG o.s.s.w.a.AnonymousAuthenticationFilter - Set SecurityContextHolder to anonymous SecurityContext
2024-08-31 15:11:59 DEBUG o.s.security.web.FilterChainProxy - Secured POST /api/auth/login
2024-08-31 15:11:59 DEBUG o.s.web.servlet.DispatcherServlet - POST "/api/auth/login", parameters={}
2024-08-31 15:11:59 DEBUG o.s.w.s.m.m.a.RequestMappingHandlerMapping - Mapped to com.example.proyecto_citas_medicas.controller.AuthenticationController#authenticate(LoginUserDto)
2024-08-31 15:11:59 DEBUG o.s.w.s.m.m.a.RequestResponseBodyMethodProcessor - Read "application/json;charset=UTF-8" to [com.example.proyecto_citas_medicas.dtos.LoginUserDto@29229d54]
2024-08-31 15:11:59 DEBUG o.s.s.a.d.DaoAuthenticationProvider - Authenticated user
2024-08-31 15:11:59 DEBUG o.s.w.s.m.m.a.HttpEntityMethodProcessor - Using 'application/json', given [application/json, text/plain, */*] and supported [application/json, application/*+json]
2024-08-31 15:11:59 DEBUG o.s.w.s.m.m.a.HttpEntityMethodProcessor - Writing [com.example.proyecto_citas_medicas.entities.ApiResponse@77ac1350]
2024-08-31 15:11:59 DEBUG o.s.web.servlet.DispatcherServlet - Completed 200 OK
2024-08-31 15:14:18 DEBUG o.s.security.web.FilterChainProxy - Securing OPTIONS /api/user_roles
2024-08-31 15:14:18 DEBUG o.s.security.web.FilterChainProxy - Securing POST /api/user_roles
2024-08-31 15:14:18 DEBUG o.s.s.w.a.AnonymousAuthenticationFilter - Set SecurityContextHolder to anonymous SecurityContext
2024-08-31 15:14:18 DEBUG o.s.security.web.FilterChainProxy - Secured POST /api/user_roles
2024-08-31 15:14:18 DEBUG o.s.web.servlet.DispatcherServlet - POST "/api/user_roles", parameters={}
2024-08-31 15:14:18 DEBUG o.s.w.s.m.m.a.RequestMappingHandlerMapping - Mapped to com.example.proyecto_citas_medicas.controller.UserRolesController#get_user_roles(LoginUserDto)
2024-08-31 15:14:18 DEBUG o.s.w.s.m.m.a.RequestResponseBodyMethodProcessor - Read "application/json;charset=UTF-8" to [com.example.proyecto_citas_medicas.dtos.LoginUserDto@781ec615]
2024-08-31 15:14:18 DEBUG o.s.w.s.m.m.a.HttpEntityMethodProcessor - Using 'application/json', given [application/json, text/plain, */*] and supported [application/json, application/*+json]
2024-08-31 15:14:18 DEBUG o.s.w.s.m.m.a.HttpEntityMethodProcessor - Writing [com.example.proyecto_citas_medicas.entities.ApiResponse@5112304]
2024-08-31 15:14:18 DEBUG o.s.web.servlet.DispatcherServlet - Completed 200 OK
2024-08-31 15:14:21 DEBUG o.s.security.web.FilterChainProxy - Securing OPTIONS /api/auth/login
2024-08-31 15:14:21 DEBUG o.s.security.web.FilterChainProxy - Securing POST /api/auth/login
2024-08-31 15:14:21 DEBUG o.s.s.w.a.AnonymousAuthenticationFilter - Set SecurityContextHolder to anonymous SecurityContext
2024-08-31 15:14:21 DEBUG o.s.security.web.FilterChainProxy - Secured POST /api/auth/login
2024-08-31 15:14:21 DEBUG o.s.web.servlet.DispatcherServlet - POST "/api/auth/login", parameters={}
2024-08-31 15:14:21 DEBUG o.s.w.s.m.m.a.RequestMappingHandlerMapping - Mapped to com.example.proyecto_citas_medicas.controller.AuthenticationController#authenticate(LoginUserDto)
2024-08-31 15:14:21 DEBUG o.s.w.s.m.m.a.RequestResponseBodyMethodProcessor - Read "application/json;charset=UTF-8" to [com.example.proyecto_citas_medicas.dtos.LoginUserDto@23537e9e]
2024-08-31 15:14:21 DEBUG o.s.s.a.d.DaoAuthenticationProvider - Authenticated user
2024-08-31 15:14:21 DEBUG o.s.w.s.m.m.a.HttpEntityMethodProcessor - Using 'application/json', given [application/json, text/plain, */*] and supported [application/json, application/*+json]
2024-08-31 15:14:21 DEBUG o.s.w.s.m.m.a.HttpEntityMethodProcessor - Writing [com.example.proyecto_citas_medicas.entities.ApiResponse@4b28c14]
2024-08-31 15:14:21 DEBUG o.s.web.servlet.DispatcherServlet - Completed 200 OK
2024-08-31 17:24:52 DEBUG o.s.security.web.FilterChainProxy - Securing OPTIONS /api/user_roles
2024-08-31 17:24:52 DEBUG o.s.security.web.FilterChainProxy - Securing POST /api/user_roles
2024-08-31 17:24:52 DEBUG o.s.s.w.a.AnonymousAuthenticationFilter - Set SecurityContextHolder to anonymous SecurityContext
2024-08-31 17:24:52 DEBUG o.s.security.web.FilterChainProxy - Secured POST /api/user_roles
2024-08-31 17:24:52 DEBUG o.s.web.servlet.DispatcherServlet - POST "/api/user_roles", parameters={}
2024-08-31 17:24:52 DEBUG o.s.w.s.m.m.a.RequestMappingHandlerMapping - Mapped to com.example.proyecto_citas_medicas.controller.UserRolesController#get_user_roles(LoginUserDto)
2024-08-31 17:24:52 DEBUG o.s.w.s.m.m.a.RequestResponseBodyMethodProcessor - Read "application/json;charset=UTF-8" to [com.example.proyecto_citas_medicas.dtos.LoginUserDto@7482368f]
2024-08-31 17:24:52 DEBUG o.s.w.s.m.m.a.HttpEntityMethodProcessor - Using 'application/json', given [application/json, text/plain, */*] and supported [application/json, application/*+json]
2024-08-31 17:24:52 DEBUG o.s.w.s.m.m.a.HttpEntityMethodProcessor - Writing [com.example.proyecto_citas_medicas.entities.ApiResponse@37cc4ab9]
2024-08-31 17:24:52 DEBUG o.s.web.servlet.DispatcherServlet - Completed 200 OK
2024-08-31 17:24:55 DEBUG o.s.security.web.FilterChainProxy - Securing OPTIONS /api/auth/login
2024-08-31 17:24:55 DEBUG o.s.security.web.FilterChainProxy - Securing POST /api/auth/login
2024-08-31 17:24:55 DEBUG o.s.s.w.a.AnonymousAuthenticationFilter - Set SecurityContextHolder to anonymous SecurityContext
2024-08-31 17:24:55 DEBUG o.s.security.web.FilterChainProxy - Secured POST /api/auth/login
2024-08-31 17:24:55 DEBUG o.s.web.servlet.DispatcherServlet - POST "/api/auth/login", parameters={}
2024-08-31 17:24:55 DEBUG o.s.w.s.m.m.a.RequestMappingHandlerMapping - Mapped to com.example.proyecto_citas_medicas.controller.AuthenticationController#authenticate(LoginUserDto)
2024-08-31 17:24:55 DEBUG o.s.w.s.m.m.a.RequestResponseBodyMethodProcessor - Read "application/json;charset=UTF-8" to [com.example.proyecto_citas_medicas.dtos.LoginUserDto@32b151f9]
2024-08-31 17:24:55 DEBUG o.s.s.a.d.DaoAuthenticationProvider - Authenticated user
2024-08-31 17:24:55 DEBUG o.s.w.s.m.m.a.HttpEntityMethodProcessor - Using 'application/json', given [application/json, text/plain, */*] and supported [application/json, application/*+json]
2024-08-31 17:24:55 DEBUG o.s.w.s.m.m.a.HttpEntityMethodProcessor - Writing [com.example.proyecto_citas_medicas.entities.ApiResponse@62b6530c]
2024-08-31 17:24:55 DEBUG o.s.web.servlet.DispatcherServlet - Completed 200 OK
2024-08-31 17:30:23 DEBUG o.s.security.web.FilterChainProxy - Securing OPTIONS /api/user_roles
2024-08-31 17:30:23 DEBUG o.s.security.web.FilterChainProxy - Securing POST /api/user_roles
2024-08-31 17:30:23 DEBUG o.s.s.w.a.AnonymousAuthenticationFilter - Set SecurityContextHolder to anonymous SecurityContext
2024-08-31 17:30:23 DEBUG o.s.security.web.FilterChainProxy - Secured POST /api/user_roles
2024-08-31 17:30:23 DEBUG o.s.web.servlet.DispatcherServlet - POST "/api/user_roles", parameters={}
2024-08-31 17:30:23 DEBUG o.s.w.s.m.m.a.RequestMappingHandlerMapping - Mapped to com.example.proyecto_citas_medicas.controller.UserRolesController#get_user_roles(LoginUserDto)
2024-08-31 17:30:23 DEBUG o.s.w.s.m.m.a.RequestResponseBodyMethodProcessor - Read "application/json;charset=UTF-8" to [com.example.proyecto_citas_medicas.dtos.LoginUserDto@2632c92a]
2024-08-31 17:30:23 DEBUG o.s.w.s.m.m.a.HttpEntityMethodProcessor - Using 'application/json', given [application/json, text/plain, */*] and supported [application/json, application/*+json]
2024-08-31 17:30:23 DEBUG o.s.w.s.m.m.a.HttpEntityMethodProcessor - Writing [com.example.proyecto_citas_medicas.entities.ApiResponse@7fc54070]
2024-08-31 17:30:23 DEBUG o.s.web.servlet.DispatcherServlet - Completed 200 OK
2024-08-31 17:30:26 DEBUG o.s.security.web.FilterChainProxy - Securing OPTIONS /api/auth/login
2024-08-31 17:30:26 DEBUG o.s.security.web.FilterChainProxy - Securing POST /api/auth/login
2024-08-31 17:30:26 DEBUG o.s.s.w.a.AnonymousAuthenticationFilter - Set SecurityContextHolder to anonymous SecurityContext
2024-08-31 17:30:26 DEBUG o.s.security.web.FilterChainProxy - Secured POST /api/auth/login
2024-08-31 17:30:26 DEBUG o.s.web.servlet.DispatcherServlet - POST "/api/auth/login", parameters={}
2024-08-31 17:30:26 DEBUG o.s.w.s.m.m.a.RequestMappingHandlerMapping - Mapped to com.example.proyecto_citas_medicas.controller.AuthenticationController#authenticate(LoginUserDto)
2024-08-31 17:30:26 DEBUG o.s.w.s.m.m.a.RequestResponseBodyMethodProcessor - Read "application/json;charset=UTF-8" to [com.example.proyecto_citas_medicas.dtos.LoginUserDto@357ce844]
2024-08-31 17:30:26 DEBUG o.s.s.a.d.DaoAuthenticationProvider - Authenticated user
2024-08-31 17:30:26 DEBUG o.s.w.s.m.m.a.HttpEntityMethodProcessor - Using 'application/json', given [application/json, text/plain, */*] and supported [application/json, application/*+json]
2024-08-31 17:30:26 DEBUG o.s.w.s.m.m.a.HttpEntityMethodProcessor - Writing [com.example.proyecto_citas_medicas.entities.ApiResponse@4b31fff7]
2024-08-31 17:30:26 DEBUG o.s.web.servlet.DispatcherServlet - Completed 200 OK
2024-08-31 18:08:53 DEBUG o.s.security.web.FilterChainProxy - Securing OPTIONS /api/user_roles
2024-08-31 18:08:53 DEBUG o.s.security.web.FilterChainProxy - Securing POST /api/user_roles
2024-08-31 18:08:53 DEBUG o.s.s.w.a.AnonymousAuthenticationFilter - Set SecurityContextHolder to anonymous SecurityContext
2024-08-31 18:08:53 DEBUG o.s.security.web.FilterChainProxy - Secured POST /api/user_roles
2024-08-31 18:08:53 DEBUG o.s.web.servlet.DispatcherServlet - POST "/api/user_roles", parameters={}
2024-08-31 18:08:53 DEBUG o.s.w.s.m.m.a.RequestMappingHandlerMapping - Mapped to com.example.proyecto_citas_medicas.controller.UserRolesController#get_user_roles(LoginUserDto)
2024-08-31 18:08:53 DEBUG o.s.w.s.m.m.a.RequestResponseBodyMethodProcessor - Read "application/json;charset=UTF-8" to [com.example.proyecto_citas_medicas.dtos.LoginUserDto@1b15180]
2024-08-31 18:08:53 DEBUG o.s.w.s.m.m.a.HttpEntityMethodProcessor - Using 'application/json', given [application/json, text/plain, */*] and supported [application/json, application/*+json]
2024-08-31 18:08:53 DEBUG o.s.w.s.m.m.a.HttpEntityMethodProcessor - Writing [com.example.proyecto_citas_medicas.entities.ApiResponse@821c9f6]
2024-08-31 18:08:53 DEBUG o.s.web.servlet.DispatcherServlet - Completed 200 OK
2024-08-31 18:09:35 DEBUG o.s.security.web.FilterChainProxy - Securing OPTIONS /api/user_roles
2024-08-31 18:09:35 DEBUG o.s.security.web.FilterChainProxy - Securing POST /api/user_roles
2024-08-31 18:09:35 DEBUG o.s.s.w.a.AnonymousAuthenticationFilter - Set SecurityContextHolder to anonymous SecurityContext
2024-08-31 18:09:35 DEBUG o.s.security.web.FilterChainProxy - Secured POST /api/user_roles
2024-08-31 18:09:35 DEBUG o.s.web.servlet.DispatcherServlet - POST "/api/user_roles", parameters={}
2024-08-31 18:09:35 DEBUG o.s.w.s.m.m.a.RequestMappingHandlerMapping - Mapped to com.example.proyecto_citas_medicas.controller.UserRolesController#get_user_roles(LoginUserDto)
2024-08-31 18:09:35 DEBUG o.s.w.s.m.m.a.RequestResponseBodyMethodProcessor - Read "application/json;charset=UTF-8" to [com.example.proyecto_citas_medicas.dtos.LoginUserDto@2cb13e76]
2024-08-31 18:09:35 DEBUG o.s.w.s.m.m.a.HttpEntityMethodProcessor - Using 'application/json', given [application/json, text/plain, */*] and supported [application/json, application/*+json]
2024-08-31 18:09:35 DEBUG o.s.w.s.m.m.a.HttpEntityMethodProcessor - Writing [com.example.proyecto_citas_medicas.entities.ApiResponse@778480d]
2024-08-31 18:09:35 DEBUG o.s.web.servlet.DispatcherServlet - Completed 200 OK
2024-08-31 18:09:38 DEBUG o.s.security.web.FilterChainProxy - Securing POST /api/user_roles
2024-08-31 18:09:38 DEBUG o.s.s.w.a.AnonymousAuthenticationFilter - Set SecurityContextHolder to anonymous SecurityContext
2024-08-31 18:09:38 DEBUG o.s.security.web.FilterChainProxy - Secured POST /api/user_roles
2024-08-31 18:09:38 DEBUG o.s.web.servlet.DispatcherServlet - POST "/api/user_roles", parameters={}
2024-08-31 18:09:38 DEBUG o.s.w.s.m.m.a.RequestMappingHandlerMapping - Mapped to com.example.proyecto_citas_medicas.controller.UserRolesController#get_user_roles(LoginUserDto)
2024-08-31 18:09:38 DEBUG o.s.w.s.m.m.a.RequestResponseBodyMethodProcessor - Read "application/json;charset=UTF-8" to [com.example.proyecto_citas_medicas.dtos.LoginUserDto@7361cd52]
2024-08-31 18:09:38 DEBUG o.s.w.s.m.m.a.HttpEntityMethodProcessor - Using 'application/json', given [application/json, text/plain, */*] and supported [application/json, application/*+json]
2024-08-31 18:09:38 DEBUG o.s.w.s.m.m.a.HttpEntityMethodProcessor - Writing [com.example.proyecto_citas_medicas.entities.ApiResponse@1aa85451]
2024-08-31 18:09:38 DEBUG o.s.web.servlet.DispatcherServlet - Completed 200 OK
2024-08-31 19:26:38 WARN  com.zaxxer.hikari.pool.HikariPool - HikariPool-26 - Thread starvation or clock leap detected (housekeeper delta=43m16s803ms918µs400ns).
2024-08-31 19:42:02 DEBUG o.s.security.web.FilterChainProxy - Securing OPTIONS /api/user_roles
2024-08-31 19:42:02 DEBUG o.s.security.web.FilterChainProxy - Securing POST /api/user_roles
2024-08-31 19:42:02 DEBUG o.s.s.w.a.AnonymousAuthenticationFilter - Set SecurityContextHolder to anonymous SecurityContext
2024-08-31 19:42:02 DEBUG o.s.security.web.FilterChainProxy - Secured POST /api/user_roles
2024-08-31 19:42:02 DEBUG o.s.web.servlet.DispatcherServlet - POST "/api/user_roles", parameters={}
2024-08-31 19:42:02 DEBUG o.s.w.s.m.m.a.RequestMappingHandlerMapping - Mapped to com.example.proyecto_citas_medicas.controller.UserRolesController#get_user_roles(LoginUserDto)
2024-08-31 19:42:02 DEBUG o.s.w.s.m.m.a.RequestResponseBodyMethodProcessor - Read "application/json;charset=UTF-8" to [com.example.proyecto_citas_medicas.dtos.LoginUserDto@23b86db3]
2024-08-31 19:42:02 DEBUG o.s.w.s.m.m.a.HttpEntityMethodProcessor - Using 'application/json', given [application/json, text/plain, */*] and supported [application/json, application/*+json]
2024-08-31 19:42:02 DEBUG o.s.w.s.m.m.a.HttpEntityMethodProcessor - Writing [com.example.proyecto_citas_medicas.entities.ApiResponse@3d98d287]
2024-08-31 19:42:02 DEBUG o.s.web.servlet.DispatcherServlet - Completed 200 OK
2024-08-31 19:42:06 DEBUG o.s.security.web.FilterChainProxy - Securing OPTIONS /api/auth/login
2024-08-31 19:42:06 DEBUG o.s.security.web.FilterChainProxy - Securing POST /api/auth/login
2024-08-31 19:42:06 DEBUG o.s.s.w.a.AnonymousAuthenticationFilter - Set SecurityContextHolder to anonymous SecurityContext
2024-08-31 19:42:06 DEBUG o.s.security.web.FilterChainProxy - Secured POST /api/auth/login
2024-08-31 19:42:06 DEBUG o.s.web.servlet.DispatcherServlet - POST "/api/auth/login", parameters={}
2024-08-31 19:42:06 DEBUG o.s.w.s.m.m.a.RequestMappingHandlerMapping - Mapped to com.example.proyecto_citas_medicas.controller.AuthenticationController#authenticate(LoginUserDto)
2024-08-31 19:42:06 DEBUG o.s.w.s.m.m.a.RequestResponseBodyMethodProcessor - Read "application/json;charset=UTF-8" to [com.example.proyecto_citas_medicas.dtos.LoginUserDto@74a8ab9f]
2024-08-31 19:42:06 DEBUG o.s.s.a.d.DaoAuthenticationProvider - Authenticated user
2024-08-31 19:42:06 DEBUG o.s.w.s.m.m.a.HttpEntityMethodProcessor - Using 'application/json', given [application/json, text/plain, */*] and supported [application/json, application/*+json]
2024-08-31 19:42:06 DEBUG o.s.w.s.m.m.a.HttpEntityMethodProcessor - Writing [com.example.proyecto_citas_medicas.entities.ApiResponse@3d7504ae]
2024-08-31 19:42:06 DEBUG o.s.web.servlet.DispatcherServlet - Completed 200 OK
2024-08-31 21:16:34 DEBUG o.s.security.web.FilterChainProxy - Securing OPTIONS /api/user_roles
2024-08-31 21:16:34 DEBUG o.s.security.web.FilterChainProxy - Securing POST /api/user_roles
2024-08-31 21:16:34 DEBUG o.s.s.w.a.AnonymousAuthenticationFilter - Set SecurityContextHolder to anonymous SecurityContext
2024-08-31 21:16:34 DEBUG o.s.security.web.FilterChainProxy - Secured POST /api/user_roles
2024-08-31 21:16:34 DEBUG o.s.web.servlet.DispatcherServlet - POST "/api/user_roles", parameters={}
2024-08-31 21:16:34 DEBUG o.s.w.s.m.m.a.RequestMappingHandlerMapping - Mapped to com.example.proyecto_citas_medicas.controller.UserRolesController#get_user_roles(LoginUserDto)
2024-08-31 21:16:34 DEBUG o.s.w.s.m.m.a.RequestResponseBodyMethodProcessor - Read "application/json;charset=UTF-8" to [com.example.proyecto_citas_medicas.dtos.LoginUserDto@3471cdb2]
2024-08-31 21:16:34 DEBUG o.s.w.s.m.m.a.HttpEntityMethodProcessor - Using 'application/json', given [application/json, text/plain, */*] and supported [application/json, application/*+json]
2024-08-31 21:16:34 DEBUG o.s.w.s.m.m.a.HttpEntityMethodProcessor - Writing [com.example.proyecto_citas_medicas.entities.ApiResponse@57a9342c]
2024-08-31 21:16:34 DEBUG o.s.web.servlet.DispatcherServlet - Completed 200 OK
2024-08-31 21:16:45 DEBUG o.s.security.web.FilterChainProxy - Securing OPTIONS /api/user_roles
2024-08-31 21:16:45 DEBUG o.s.security.web.FilterChainProxy - Securing POST /api/user_roles
2024-08-31 21:16:45 DEBUG o.s.s.w.a.AnonymousAuthenticationFilter - Set SecurityContextHolder to anonymous SecurityContext
2024-08-31 21:16:45 DEBUG o.s.security.web.FilterChainProxy - Secured POST /api/user_roles
2024-08-31 21:16:45 DEBUG o.s.web.servlet.DispatcherServlet - POST "/api/user_roles", parameters={}
2024-08-31 21:16:45 DEBUG o.s.w.s.m.m.a.RequestMappingHandlerMapping - Mapped to com.example.proyecto_citas_medicas.controller.UserRolesController#get_user_roles(LoginUserDto)
2024-08-31 21:16:45 DEBUG o.s.w.s.m.m.a.RequestResponseBodyMethodProcessor - Read "application/json;charset=UTF-8" to [com.example.proyecto_citas_medicas.dtos.LoginUserDto@1466c7b0]
2024-08-31 21:16:45 DEBUG o.s.w.s.m.m.a.HttpEntityMethodProcessor - Using 'application/json', given [application/json, text/plain, */*] and supported [application/json, application/*+json]
2024-08-31 21:16:45 DEBUG o.s.w.s.m.m.a.HttpEntityMethodProcessor - Writing [com.example.proyecto_citas_medicas.entities.ApiResponse@285ac01b]
2024-08-31 21:16:45 DEBUG o.s.web.servlet.DispatcherServlet - Completed 200 OK
2024-08-31 21:16:50 DEBUG o.s.security.web.FilterChainProxy - Securing POST /api/user_roles
2024-08-31 21:16:50 DEBUG o.s.s.w.a.AnonymousAuthenticationFilter - Set SecurityContextHolder to anonymous SecurityContext
2024-08-31 21:16:50 DEBUG o.s.security.web.FilterChainProxy - Secured POST /api/user_roles
2024-08-31 21:16:50 DEBUG o.s.web.servlet.DispatcherServlet - POST "/api/user_roles", parameters={}
2024-08-31 21:16:50 DEBUG o.s.w.s.m.m.a.RequestMappingHandlerMapping - Mapped to com.example.proyecto_citas_medicas.controller.UserRolesController#get_user_roles(LoginUserDto)
2024-08-31 21:16:50 DEBUG o.s.w.s.m.m.a.RequestResponseBodyMethodProcessor - Read "application/json;charset=UTF-8" to [com.example.proyecto_citas_medicas.dtos.LoginUserDto@70fb2f82]
2024-08-31 21:16:50 DEBUG o.s.w.s.m.m.a.HttpEntityMethodProcessor - Using 'application/json', given [application/json, text/plain, */*] and supported [application/json, application/*+json]
2024-08-31 21:16:50 DEBUG o.s.w.s.m.m.a.HttpEntityMethodProcessor - Writing [com.example.proyecto_citas_medicas.entities.ApiResponse@6b6d82af]
2024-08-31 21:16:50 DEBUG o.s.web.servlet.DispatcherServlet - Completed 200 OK
2024-08-31 21:16:55 DEBUG o.s.security.web.FilterChainProxy - Securing OPTIONS /api/auth/verify_email
2024-08-31 21:16:55 DEBUG o.s.security.web.FilterChainProxy - Securing POST /api/auth/verify_email
2024-08-31 21:16:55 DEBUG o.s.s.w.a.AnonymousAuthenticationFilter - Set SecurityContextHolder to anonymous SecurityContext
2024-08-31 21:16:55 DEBUG o.s.security.web.FilterChainProxy - Secured POST /api/auth/verify_email
2024-08-31 21:16:55 DEBUG o.s.web.servlet.DispatcherServlet - POST "/api/auth/verify_email", parameters={}
2024-08-31 21:16:55 DEBUG o.s.w.s.m.m.a.RequestMappingHandlerMapping - Mapped to com.example.proyecto_citas_medicas.controller.AuthenticationController#verifyUser(User)
2024-08-31 21:16:55 DEBUG o.s.w.s.m.m.a.RequestResponseBodyMethodProcessor - Read "application/json;charset=UTF-8" to [User{user_id=null, username='null', email='edu09085@hotmail.com', password='null', status='null'}]
2024-08-31 21:16:55 DEBUG o.s.w.s.m.m.a.HttpEntityMethodProcessor - Using 'application/json', given [application/json, text/plain, */*] and supported [application/json, application/*+json]
2024-08-31 21:16:55 DEBUG o.s.w.s.m.m.a.HttpEntityMethodProcessor - Writing [com.example.proyecto_citas_medicas.entities.ApiResponse@502e6a26]
2024-08-31 21:16:55 DEBUG o.s.web.servlet.DispatcherServlet - Completed 200 OK
2024-08-31 21:17:00 DEBUG o.s.security.web.FilterChainProxy - Securing OPTIONS /api/user_roles
2024-08-31 21:17:00 DEBUG o.s.security.web.FilterChainProxy - Securing POST /api/user_roles
2024-08-31 21:17:00 DEBUG o.s.s.w.a.AnonymousAuthenticationFilter - Set SecurityContextHolder to anonymous SecurityContext
2024-08-31 21:17:00 DEBUG o.s.security.web.FilterChainProxy - Secured POST /api/user_roles
2024-08-31 21:17:00 DEBUG o.s.web.servlet.DispatcherServlet - POST "/api/user_roles", parameters={}
2024-08-31 21:17:00 DEBUG o.s.w.s.m.m.a.RequestMappingHandlerMapping - Mapped to com.example.proyecto_citas_medicas.controller.UserRolesController#get_user_roles(LoginUserDto)
2024-08-31 21:17:00 DEBUG o.s.w.s.m.m.a.RequestResponseBodyMethodProcessor - Read "application/json;charset=UTF-8" to [com.example.proyecto_citas_medicas.dtos.LoginUserDto@232653ba]
2024-08-31 21:17:00 DEBUG o.s.w.s.m.m.a.HttpEntityMethodProcessor - Using 'application/json', given [application/json, text/plain, */*] and supported [application/json, application/*+json]
2024-08-31 21:17:00 DEBUG o.s.w.s.m.m.a.HttpEntityMethodProcessor - Writing [com.example.proyecto_citas_medicas.entities.ApiResponse@47b22c73]
2024-08-31 21:17:00 DEBUG o.s.web.servlet.DispatcherServlet - Completed 200 OK
2024-08-31 21:17:09 DEBUG o.s.security.web.FilterChainProxy - Securing OPTIONS /api/auth/login
2024-08-31 21:17:09 DEBUG o.s.security.web.FilterChainProxy - Securing POST /api/auth/login
2024-08-31 21:17:09 DEBUG o.s.s.w.a.AnonymousAuthenticationFilter - Set SecurityContextHolder to anonymous SecurityContext
2024-08-31 21:17:09 DEBUG o.s.security.web.FilterChainProxy - Secured POST /api/auth/login
2024-08-31 21:17:09 DEBUG o.s.web.servlet.DispatcherServlet - POST "/api/auth/login", parameters={}
2024-08-31 21:17:09 DEBUG o.s.w.s.m.m.a.RequestMappingHandlerMapping - Mapped to com.example.proyecto_citas_medicas.controller.AuthenticationController#authenticate(LoginUserDto)
2024-08-31 21:17:09 DEBUG o.s.w.s.m.m.a.RequestResponseBodyMethodProcessor - Read "application/json;charset=UTF-8" to [com.example.proyecto_citas_medicas.dtos.LoginUserDto@69fa10a4]
2024-08-31 21:17:09 DEBUG o.s.s.a.d.DaoAuthenticationProvider - Authenticated user
2024-08-31 21:17:09 DEBUG o.s.w.s.m.m.a.HttpEntityMethodProcessor - Using 'application/json', given [application/json, text/plain, */*] and supported [application/json, application/*+json]
2024-08-31 21:17:09 DEBUG o.s.w.s.m.m.a.HttpEntityMethodProcessor - Writing [com.example.proyecto_citas_medicas.entities.ApiResponse@737f53b4]
2024-08-31 21:17:09 DEBUG o.s.web.servlet.DispatcherServlet - Completed 200 OK
2024-08-31 21:17:51 DEBUG o.s.security.web.FilterChainProxy - Securing OPTIONS /api/user_roles
2024-08-31 21:17:51 DEBUG o.s.security.web.FilterChainProxy - Securing POST /api/user_roles
2024-08-31 21:17:51 DEBUG o.s.s.w.a.AnonymousAuthenticationFilter - Set SecurityContextHolder to anonymous SecurityContext
2024-08-31 21:17:51 DEBUG o.s.security.web.FilterChainProxy - Secured POST /api/user_roles
2024-08-31 21:17:51 DEBUG o.s.web.servlet.DispatcherServlet - POST "/api/user_roles", parameters={}
2024-08-31 21:17:51 DEBUG o.s.w.s.m.m.a.RequestMappingHandlerMapping - Mapped to com.example.proyecto_citas_medicas.controller.UserRolesController#get_user_roles(LoginUserDto)
2024-08-31 21:17:51 DEBUG o.s.w.s.m.m.a.RequestResponseBodyMethodProcessor - Read "application/json;charset=UTF-8" to [com.example.proyecto_citas_medicas.dtos.LoginUserDto@60d6dc34]
2024-08-31 21:17:51 DEBUG o.s.w.s.m.m.a.HttpEntityMethodProcessor - Using 'application/json', given [application/json, text/plain, */*] and supported [application/json, application/*+json]
2024-08-31 21:17:51 DEBUG o.s.w.s.m.m.a.HttpEntityMethodProcessor - Writing [com.example.proyecto_citas_medicas.entities.ApiResponse@317ccb90]
2024-08-31 21:17:51 DEBUG o.s.web.servlet.DispatcherServlet - Completed 200 OK
2024-08-31 21:17:56 DEBUG o.s.security.web.FilterChainProxy - Securing OPTIONS /api/auth/login
2024-08-31 21:17:56 DEBUG o.s.security.web.FilterChainProxy - Securing POST /api/auth/login
2024-08-31 21:17:56 DEBUG o.s.s.w.a.AnonymousAuthenticationFilter - Set SecurityContextHolder to anonymous SecurityContext
2024-08-31 21:17:56 DEBUG o.s.security.web.FilterChainProxy - Secured POST /api/auth/login
2024-08-31 21:17:56 DEBUG o.s.web.servlet.DispatcherServlet - POST "/api/auth/login", parameters={}
2024-08-31 21:17:56 DEBUG o.s.w.s.m.m.a.RequestMappingHandlerMapping - Mapped to com.example.proyecto_citas_medicas.controller.AuthenticationController#authenticate(LoginUserDto)
2024-08-31 21:17:56 DEBUG o.s.w.s.m.m.a.RequestResponseBodyMethodProcessor - Read "application/json;charset=UTF-8" to [com.example.proyecto_citas_medicas.dtos.LoginUserDto@2fefc3f6]
2024-08-31 21:17:56 DEBUG o.s.s.a.d.DaoAuthenticationProvider - Authenticated user
2024-08-31 21:17:56 DEBUG o.s.w.s.m.m.a.HttpEntityMethodProcessor - Using 'application/json', given [application/json, text/plain, */*] and supported [application/json, application/*+json]
2024-08-31 21:17:56 DEBUG o.s.w.s.m.m.a.HttpEntityMethodProcessor - Writing [com.example.proyecto_citas_medicas.entities.ApiResponse@6dbf7da]
2024-08-31 21:17:56 DEBUG o.s.web.servlet.DispatcherServlet - Completed 200 OK
2024-08-31 21:25:58 DEBUG o.s.security.web.FilterChainProxy - Securing OPTIONS /api/user_roles
2024-08-31 21:25:58 DEBUG o.s.security.web.FilterChainProxy - Securing POST /api/user_roles
2024-08-31 21:25:58 DEBUG o.s.s.w.a.AnonymousAuthenticationFilter - Set SecurityContextHolder to anonymous SecurityContext
2024-08-31 21:25:58 DEBUG o.s.security.web.FilterChainProxy - Secured POST /api/user_roles
2024-08-31 21:25:58 DEBUG o.s.web.servlet.DispatcherServlet - POST "/api/user_roles", parameters={}
2024-08-31 21:25:58 DEBUG o.s.w.s.m.m.a.RequestMappingHandlerMapping - Mapped to com.example.proyecto_citas_medicas.controller.UserRolesController#get_user_roles(LoginUserDto)
2024-08-31 21:25:58 DEBUG o.s.w.s.m.m.a.RequestResponseBodyMethodProcessor - Read "application/json;charset=UTF-8" to [com.example.proyecto_citas_medicas.dtos.LoginUserDto@2b915cd1]
2024-08-31 21:25:58 DEBUG o.s.w.s.m.m.a.HttpEntityMethodProcessor - Using 'application/json', given [application/json, text/plain, */*] and supported [application/json, application/*+json]
2024-08-31 21:25:58 DEBUG o.s.w.s.m.m.a.HttpEntityMethodProcessor - Writing [com.example.proyecto_citas_medicas.entities.ApiResponse@152b7bad]
2024-08-31 21:25:58 DEBUG o.s.web.servlet.DispatcherServlet - Completed 200 OK
2024-08-31 21:26:00 DEBUG o.s.security.web.FilterChainProxy - Securing OPTIONS /api/auth/login
2024-08-31 21:26:00 DEBUG o.s.security.web.FilterChainProxy - Securing POST /api/auth/login
2024-08-31 21:26:00 DEBUG o.s.s.w.a.AnonymousAuthenticationFilter - Set SecurityContextHolder to anonymous SecurityContext
2024-08-31 21:26:00 DEBUG o.s.security.web.FilterChainProxy - Secured POST /api/auth/login
2024-08-31 21:26:00 DEBUG o.s.web.servlet.DispatcherServlet - POST "/api/auth/login", parameters={}
2024-08-31 21:26:00 DEBUG o.s.w.s.m.m.a.RequestMappingHandlerMapping - Mapped to com.example.proyecto_citas_medicas.controller.AuthenticationController#authenticate(LoginUserDto)
2024-08-31 21:26:00 DEBUG o.s.w.s.m.m.a.RequestResponseBodyMethodProcessor - Read "application/json;charset=UTF-8" to [com.example.proyecto_citas_medicas.dtos.LoginUserDto@4a622970]
2024-08-31 21:26:00 DEBUG o.s.s.a.d.DaoAuthenticationProvider - Authenticated user
2024-08-31 21:26:00 DEBUG o.s.w.s.m.m.a.HttpEntityMethodProcessor - Using 'application/json', given [application/json, text/plain, */*] and supported [application/json, application/*+json]
2024-08-31 21:26:00 DEBUG o.s.w.s.m.m.a.HttpEntityMethodProcessor - Writing [com.example.proyecto_citas_medicas.entities.ApiResponse@56ce66da]
2024-08-31 21:26:00 DEBUG o.s.web.servlet.DispatcherServlet - Completed 200 OK
2024-08-31 21:26:34 DEBUG o.s.security.web.FilterChainProxy - Securing OPTIONS /api/user_roles
2024-08-31 21:26:34 DEBUG o.s.security.web.FilterChainProxy - Securing POST /api/user_roles
2024-08-31 21:26:34 DEBUG o.s.s.w.a.AnonymousAuthenticationFilter - Set SecurityContextHolder to anonymous SecurityContext
2024-08-31 21:26:34 DEBUG o.s.security.web.FilterChainProxy - Secured POST /api/user_roles
2024-08-31 21:26:34 DEBUG o.s.web.servlet.DispatcherServlet - POST "/api/user_roles", parameters={}
2024-08-31 21:26:34 DEBUG o.s.w.s.m.m.a.RequestMappingHandlerMapping - Mapped to com.example.proyecto_citas_medicas.controller.UserRolesController#get_user_roles(LoginUserDto)
2024-08-31 21:26:34 DEBUG o.s.w.s.m.m.a.RequestResponseBodyMethodProcessor - Read "application/json;charset=UTF-8" to [com.example.proyecto_citas_medicas.dtos.LoginUserDto@2db56b8a]
2024-08-31 21:26:34 DEBUG o.s.w.s.m.m.a.HttpEntityMethodProcessor - Using 'application/json', given [application/json, text/plain, */*] and supported [application/json, application/*+json]
2024-08-31 21:26:34 DEBUG o.s.w.s.m.m.a.HttpEntityMethodProcessor - Writing [com.example.proyecto_citas_medicas.entities.ApiResponse@a070de3]
2024-08-31 21:26:34 DEBUG o.s.web.servlet.DispatcherServlet - Completed 200 OK
2024-08-31 21:26:36 DEBUG o.s.security.web.FilterChainProxy - Securing OPTIONS /api/auth/login
2024-08-31 21:26:36 DEBUG o.s.security.web.FilterChainProxy - Securing POST /api/auth/login
2024-08-31 21:26:36 DEBUG o.s.s.w.a.AnonymousAuthenticationFilter - Set SecurityContextHolder to anonymous SecurityContext
2024-08-31 21:26:36 DEBUG o.s.security.web.FilterChainProxy - Secured POST /api/auth/login
2024-08-31 21:26:36 DEBUG o.s.web.servlet.DispatcherServlet - POST "/api/auth/login", parameters={}
2024-08-31 21:26:36 DEBUG o.s.w.s.m.m.a.RequestMappingHandlerMapping - Mapped to com.example.proyecto_citas_medicas.controller.AuthenticationController#authenticate(LoginUserDto)
2024-08-31 21:26:36 DEBUG o.s.w.s.m.m.a.RequestResponseBodyMethodProcessor - Read "application/json;charset=UTF-8" to [com.example.proyecto_citas_medicas.dtos.LoginUserDto@5de2c157]
2024-08-31 21:26:36 DEBUG o.s.s.a.d.DaoAuthenticationProvider - Authenticated user
2024-08-31 21:26:36 DEBUG o.s.w.s.m.m.a.HttpEntityMethodProcessor - Using 'application/json', given [application/json, text/plain, */*] and supported [application/json, application/*+json]
2024-08-31 21:26:36 DEBUG o.s.w.s.m.m.a.HttpEntityMethodProcessor - Writing [com.example.proyecto_citas_medicas.entities.ApiResponse@3e193982]
2024-08-31 21:26:36 DEBUG o.s.web.servlet.DispatcherServlet - Completed 200 OK
2024-08-31 23:08:07 DEBUG o.s.security.web.FilterChainProxy - Securing OPTIONS /api/user_roles
2024-08-31 23:08:07 DEBUG o.s.security.web.FilterChainProxy - Securing POST /api/user_roles
2024-08-31 23:08:07 DEBUG o.s.s.w.a.AnonymousAuthenticationFilter - Set SecurityContextHolder to anonymous SecurityContext
2024-08-31 23:08:07 DEBUG o.s.security.web.FilterChainProxy - Secured POST /api/user_roles
2024-08-31 23:08:07 DEBUG o.s.web.servlet.DispatcherServlet - POST "/api/user_roles", parameters={}
2024-08-31 23:08:07 DEBUG o.s.w.s.m.m.a.RequestMappingHandlerMapping - Mapped to com.example.proyecto_citas_medicas.controller.UserRolesController#get_user_roles(LoginUserDto)
2024-08-31 23:08:07 DEBUG o.s.w.s.m.m.a.RequestResponseBodyMethodProcessor - Read "application/json;charset=UTF-8" to [com.example.proyecto_citas_medicas.dtos.LoginUserDto@4e835735]
2024-08-31 23:08:07 DEBUG o.s.w.s.m.m.a.HttpEntityMethodProcessor - Using 'application/json', given [application/json, text/plain, */*] and supported [application/json, application/*+json]
2024-08-31 23:08:07 DEBUG o.s.w.s.m.m.a.HttpEntityMethodProcessor - Writing [com.example.proyecto_citas_medicas.entities.ApiResponse@5e26f6ca]
2024-08-31 23:08:07 DEBUG o.s.web.servlet.DispatcherServlet - Completed 200 OK
2024-08-31 23:08:09 DEBUG o.s.security.web.FilterChainProxy - Securing OPTIONS /api/auth/login
2024-08-31 23:08:09 DEBUG o.s.security.web.FilterChainProxy - Securing POST /api/auth/login
2024-08-31 23:08:09 DEBUG o.s.s.w.a.AnonymousAuthenticationFilter - Set SecurityContextHolder to anonymous SecurityContext
2024-08-31 23:08:09 DEBUG o.s.security.web.FilterChainProxy - Secured POST /api/auth/login
2024-08-31 23:08:09 DEBUG o.s.web.servlet.DispatcherServlet - POST "/api/auth/login", parameters={}
2024-08-31 23:08:09 DEBUG o.s.w.s.m.m.a.RequestMappingHandlerMapping - Mapped to com.example.proyecto_citas_medicas.controller.AuthenticationController#authenticate(LoginUserDto)
2024-08-31 23:08:09 DEBUG o.s.w.s.m.m.a.RequestResponseBodyMethodProcessor - Read "application/json;charset=UTF-8" to [com.example.proyecto_citas_medicas.dtos.LoginUserDto@59e5ee73]
2024-08-31 23:08:09 DEBUG o.s.s.a.d.DaoAuthenticationProvider - Authenticated user
2024-08-31 23:08:09 DEBUG o.s.w.s.m.m.a.HttpEntityMethodProcessor - Using 'application/json', given [application/json, text/plain, */*] and supported [application/json, application/*+json]
2024-08-31 23:08:09 DEBUG o.s.w.s.m.m.a.HttpEntityMethodProcessor - Writing [com.example.proyecto_citas_medicas.entities.ApiResponse@687eaeaa]
2024-08-31 23:08:09 DEBUG o.s.web.servlet.DispatcherServlet - Completed 200 OK
2024-08-31 23:08:28 DEBUG o.s.security.web.FilterChainProxy - Securing OPTIONS /api/user_roles
2024-08-31 23:08:28 DEBUG o.s.security.web.FilterChainProxy - Securing POST /api/user_roles
2024-08-31 23:08:28 DEBUG o.s.s.w.a.AnonymousAuthenticationFilter - Set SecurityContextHolder to anonymous SecurityContext
2024-08-31 23:08:28 DEBUG o.s.security.web.FilterChainProxy - Secured POST /api/user_roles
2024-08-31 23:08:28 DEBUG o.s.web.servlet.DispatcherServlet - POST "/api/user_roles", parameters={}
2024-08-31 23:08:28 DEBUG o.s.w.s.m.m.a.RequestMappingHandlerMapping - Mapped to com.example.proyecto_citas_medicas.controller.UserRolesController#get_user_roles(LoginUserDto)
2024-08-31 23:08:28 DEBUG o.s.w.s.m.m.a.RequestResponseBodyMethodProcessor - Read "application/json;charset=UTF-8" to [com.example.proyecto_citas_medicas.dtos.LoginUserDto@77121566]
2024-08-31 23:08:28 DEBUG o.s.w.s.m.m.a.HttpEntityMethodProcessor - Using 'application/json', given [application/json, text/plain, */*] and supported [application/json, application/*+json]
2024-08-31 23:08:28 DEBUG o.s.w.s.m.m.a.HttpEntityMethodProcessor - Writing [com.example.proyecto_citas_medicas.entities.ApiResponse@c389319]
2024-08-31 23:08:28 DEBUG o.s.web.servlet.DispatcherServlet - Completed 200 OK
2024-08-31 23:08:30 DEBUG o.s.security.web.FilterChainProxy - Securing OPTIONS /api/auth/login
2024-08-31 23:08:30 DEBUG o.s.security.web.FilterChainProxy - Securing POST /api/auth/login
2024-08-31 23:08:30 DEBUG o.s.s.w.a.AnonymousAuthenticationFilter - Set SecurityContextHolder to anonymous SecurityContext
2024-08-31 23:08:30 DEBUG o.s.security.web.FilterChainProxy - Secured POST /api/auth/login
2024-08-31 23:08:30 DEBUG o.s.web.servlet.DispatcherServlet - POST "/api/auth/login", parameters={}
2024-08-31 23:08:30 DEBUG o.s.w.s.m.m.a.RequestMappingHandlerMapping - Mapped to com.example.proyecto_citas_medicas.controller.AuthenticationController#authenticate(LoginUserDto)
2024-08-31 23:08:30 DEBUG o.s.w.s.m.m.a.RequestResponseBodyMethodProcessor - Read "application/json;charset=UTF-8" to [com.example.proyecto_citas_medicas.dtos.LoginUserDto@7a80430b]
2024-08-31 23:08:31 DEBUG o.s.s.a.d.DaoAuthenticationProvider - Authenticated user
2024-08-31 23:08:31 DEBUG o.s.w.s.m.m.a.HttpEntityMethodProcessor - Using 'application/json', given [application/json, text/plain, */*] and supported [application/json, application/*+json]
2024-08-31 23:08:31 DEBUG o.s.w.s.m.m.a.HttpEntityMethodProcessor - Writing [com.example.proyecto_citas_medicas.entities.ApiResponse@150b3a4b]
2024-08-31 23:08:31 DEBUG o.s.web.servlet.DispatcherServlet - Completed 200 OK
