2024-09-27 21:46:06 DEBUG o.s.security.web.FilterChainProxy - Securing OPTIONS /api/patients/patients_by_doctor?user_id=11&page=0&size=5
2024-09-27 21:46:06 DEBUG o.s.security.web.FilterChainProxy - Securing GET /api/patients/patients_by_doctor?user_id=11&page=0&size=5
2024-09-27 21:46:10 DEBUG o.s.security.web.FilterChainProxy - Securing OPTIONS /api/user_roles
2024-09-27 21:46:10 DEBUG o.s.security.web.FilterChainProxy - Securing POST /api/user_roles
2024-09-27 21:46:10 DEBUG o.s.s.w.a.AnonymousAuthenticationFilter - Set SecurityContextHolder to anonymous SecurityContext
2024-09-27 21:46:10 DEBUG o.s.security.web.FilterChainProxy - Secured POST /api/user_roles
2024-09-27 21:46:10 DEBUG o.s.web.servlet.DispatcherServlet - POST "/api/user_roles", parameters={}
2024-09-27 21:46:10 DEBUG o.s.w.s.m.m.a.RequestMappingHandlerMapping - Mapped to com.example.proyecto_citas_medicas.controller.UserRolesController#getUserRoles(LoginUserDto)
2024-09-27 21:46:10 DEBUG o.s.w.s.m.m.a.RequestResponseBodyMethodProcessor - Read "application/json;charset=UTF-8" to [com.example.proyecto_citas_medicas.dtos.LoginUserDto@7eeee0d7]
2024-09-27 21:46:10 DEBUG o.s.w.s.m.m.a.HttpEntityMethodProcessor - Using 'application/json', given [application/json, text/plain, */*] and supported [application/json, application/*+json]
2024-09-27 21:46:10 DEBUG o.s.w.s.m.m.a.HttpEntityMethodProcessor - Writing [com.example.proyecto_citas_medicas.entities.ApiResponse@618efc39]
2024-09-27 21:46:10 DEBUG o.s.web.servlet.DispatcherServlet - Completed 200 OK
2024-09-27 21:46:13 DEBUG o.s.security.web.FilterChainProxy - Securing OPTIONS /api/auth/login
2024-09-27 21:46:13 DEBUG o.s.security.web.FilterChainProxy - Securing POST /api/auth/login
2024-09-27 21:46:13 DEBUG o.s.s.w.a.AnonymousAuthenticationFilter - Set SecurityContextHolder to anonymous SecurityContext
2024-09-27 21:46:13 DEBUG o.s.security.web.FilterChainProxy - Secured POST /api/auth/login
2024-09-27 21:46:13 DEBUG o.s.web.servlet.DispatcherServlet - POST "/api/auth/login", parameters={}
2024-09-27 21:46:13 DEBUG o.s.w.s.m.m.a.RequestMappingHandlerMapping - Mapped to com.example.proyecto_citas_medicas.controller.AuthenticationController#authenticate(LoginUserDto)
2024-09-27 21:46:13 DEBUG o.s.w.s.m.m.a.RequestResponseBodyMethodProcessor - Read "application/json;charset=UTF-8" to [com.example.proyecto_citas_medicas.dtos.LoginUserDto@74d4bf75]
2024-09-27 21:46:14 DEBUG o.s.s.a.d.DaoAuthenticationProvider - Authenticated user
2024-09-27 21:46:14 DEBUG o.s.w.s.m.m.a.HttpEntityMethodProcessor - Using 'application/json', given [application/json, text/plain, */*] and supported [application/json, application/*+json]
2024-09-27 21:46:14 DEBUG o.s.w.s.m.m.a.HttpEntityMethodProcessor - Writing [com.example.proyecto_citas_medicas.entities.ApiResponse@5138a56c]
2024-09-27 21:46:14 DEBUG o.s.web.servlet.DispatcherServlet - Completed 200 OK
2024-09-27 21:46:16 DEBUG o.s.security.web.FilterChainProxy - Securing OPTIONS /api/patients/patients_by_doctor?user_id=11&page=0&size=5
2024-09-27 21:46:16 DEBUG o.s.security.web.FilterChainProxy - Securing GET /api/patients/patients_by_doctor?user_id=11&page=0&size=5
2024-09-27 21:46:16 DEBUG o.s.security.web.FilterChainProxy - Secured GET /api/patients/patients_by_doctor?user_id=11&page=0&size=5
2024-09-27 21:46:16 DEBUG o.s.web.servlet.DispatcherServlet - GET "/api/patients/patients_by_doctor?user_id=11&page=0&size=5", parameters={masked}
2024-09-27 21:46:16 DEBUG o.s.w.s.m.m.a.RequestMappingHandlerMapping - Mapped to com.example.proyecto_citas_medicas.controller.PacienteController#getPacientesByDoctor(Long, int, int)
2024-09-27 21:46:16 INFO  c.e.p.controller.PacienteController - page: 0
2024-09-27 21:46:17 INFO  c.e.p.controller.PacienteController - patients: 0
2024-09-27 21:46:17 INFO  c.e.p.controller.PacienteController - patients: []
2024-09-27 21:46:17 DEBUG o.s.w.s.m.m.a.HttpEntityMethodProcessor - Using 'application/json', given [application/json, text/plain, */*] and supported [application/json, application/*+json]
2024-09-27 21:46:17 DEBUG o.s.w.s.m.m.a.HttpEntityMethodProcessor - Writing [com.example.proyecto_citas_medicas.entities.ApiResponse@29872986]
2024-09-27 21:46:17 WARN  o.s.d.w.c.SpringDataJacksonConfiguration$PageModule$PlainPageSerializationWarning - Serializing PageImpl instances as-is is not supported, meaning that there is no guarantee about the stability of the resulting JSON structure!
	For a stable JSON structure, please use Spring Data's PagedModel (globally via @EnableSpringDataWebSupport(pageSerializationMode = VIA_DTO))
	or Spring HATEOAS and Spring Data's PagedResourcesAssembler as documented in https://docs.spring.io/spring-data/commons/reference/repositories/core-extensions.html#core.web.pageables.

2024-09-27 21:46:17 DEBUG o.s.web.servlet.DispatcherServlet - Completed 200 OK
